<?xml version="1.0" encoding="UTF-8"?>
<coverage generated="1772614614140" clover="3.2.0">
  <project timestamp="1772614614140" name="All files">
    <metrics statements="773" coveredstatements="761" conditionals="226" coveredconditionals="205" methods="33" coveredmethods="33" elements="1032" coveredelements="999" complexity="0" loc="773" ncloc="773" packages="4" files="10" classes="10"/>
    <package name="client">
      <metrics statements="169" coveredstatements="165" conditionals="55" coveredconditionals="49" methods="7" coveredmethods="7"/>
      <file name="link.ts" path="/Users/ludwigschubert/apollo-binary-transfer/src/client/link.ts">
        <metrics statements="169" coveredstatements="165" conditionals="55" coveredconditionals="49" methods="7" coveredmethods="7"/>
        <line num="1" count="1" type="stmt"/>
        <line num="27" count="1" type="cond" truecount="1" falsecount="0"/>
        <line num="28" count="55" type="stmt"/>
        <line num="29" count="55" type="stmt"/>
        <line num="30" count="55" type="stmt"/>
        <line num="31" count="55" type="stmt"/>
        <line num="32" count="55" type="stmt"/>
        <line num="33" count="55" type="stmt"/>
        <line num="35" count="55" type="cond" truecount="1" falsecount="0"/>
        <line num="36" count="55" type="stmt"/>
        <line num="37" count="55" type="stmt"/>
        <line num="38" count="55" type="stmt"/>
        <line num="39" count="55" type="cond" truecount="1" falsecount="0"/>
        <line num="40" count="55" type="cond" truecount="1" falsecount="0"/>
        <line num="41" count="55" type="cond" truecount="1" falsecount="0"/>
        <line num="43" count="55" type="cond" truecount="1" falsecount="0"/>
        <line num="44" count="1" type="stmt"/>
        <line num="45" count="55" type="cond" truecount="1" falsecount="0"/>
        <line num="46" count="54" type="stmt"/>
        <line num="47" count="54" type="cond" truecount="1" falsecount="0"/>
        <line num="48" count="54" type="stmt"/>
        <line num="49" count="55" type="stmt"/>
        <line num="51" count="55" type="cond" truecount="1" falsecount="0"/>
        <line num="52" count="55" type="cond" truecount="1" falsecount="0"/>
        <line num="53" count="55" type="stmt"/>
        <line num="54" count="55" type="cond" truecount="1" falsecount="0"/>
        <line num="55" count="55" type="cond" truecount="1" falsecount="0"/>
        <line num="56" count="55" type="stmt"/>
        <line num="57" count="55" type="stmt"/>
        <line num="59" count="55" type="cond" truecount="1" falsecount="0"/>
        <line num="60" count="55" type="stmt"/>
        <line num="61" count="55" type="stmt"/>
        <line num="62" count="55" type="stmt"/>
        <line num="63" count="55" type="stmt"/>
        <line num="65" count="55" type="stmt"/>
        <line num="67" count="55" type="stmt"/>
        <line num="68" count="55" type="stmt"/>
        <line num="69" count="55" type="stmt"/>
        <line num="70" count="55" type="stmt"/>
        <line num="72" count="55" type="cond" truecount="1" falsecount="0"/>
        <line num="73" count="52" type="stmt"/>
        <line num="74" count="52" type="stmt"/>
        <line num="76" count="55" type="stmt"/>
        <line num="78" count="55" type="stmt"/>
        <line num="79" count="55" type="stmt"/>
        <line num="80" count="55" type="stmt"/>
        <line num="81" count="55" type="stmt"/>
        <line num="82" count="55" type="stmt"/>
        <line num="84" count="55" type="stmt"/>
        <line num="85" count="55" type="stmt"/>
        <line num="86" count="55" type="stmt"/>
        <line num="87" count="55" type="stmt"/>
        <line num="88" count="55" type="stmt"/>
        <line num="89" count="55" type="stmt"/>
        <line num="92" count="55" type="stmt"/>
        <line num="93" count="55" type="cond" truecount="1" falsecount="0"/>
        <line num="94" count="2" type="stmt"/>
        <line num="95" count="2" type="stmt"/>
        <line num="96" count="2" type="stmt"/>
        <line num="97" count="2" type="stmt"/>
        <line num="99" count="2" type="stmt"/>
        <line num="100" count="2" type="stmt"/>
        <line num="102" count="55" type="cond" truecount="0" falsecount="1"/>
        <line num="104" count="55" type="cond" truecount="1" falsecount="0"/>
        <line num="105" count="53" type="stmt"/>
        <line num="106" count="53" type="stmt"/>
        <line num="107" count="53" type="cond" truecount="1" falsecount="0"/>
        <line num="108" count="1" type="cond" truecount="1" falsecount="0"/>
        <line num="109" count="52" type="stmt"/>
        <line num="111" count="53" type="stmt"/>
        <line num="112" count="53" type="stmt"/>
        <line num="113" count="53" type="stmt"/>
        <line num="114" count="53" type="stmt"/>
        <line num="115" count="53" type="stmt"/>
        <line num="116" count="53" type="stmt"/>
        <line num="117" count="53" type="stmt"/>
        <line num="119" count="53" type="stmt"/>
        <line num="120" count="53" type="cond" truecount="2" falsecount="0"/>
        <line num="122" count="53" type="stmt"/>
        <line num="123" count="53" type="cond" truecount="1" falsecount="0"/>
        <line num="124" count="1" type="stmt"/>
        <line num="125" count="1" type="stmt"/>
        <line num="126" count="1" type="stmt"/>
        <line num="127" count="1" type="stmt"/>
        <line num="128" count="1" type="stmt"/>
        <line num="129" count="1" type="stmt"/>
        <line num="130" count="1" type="stmt"/>
        <line num="131" count="53" type="cond" truecount="2" falsecount="0"/>
        <line num="133" count="15" type="cond" truecount="1" falsecount="0"/>
        <line num="134" count="1" type="stmt"/>
        <line num="135" count="1" type="stmt"/>
        <line num="137" count="1" type="stmt"/>
        <line num="138" count="1" type="stmt"/>
        <line num="139" count="1" type="stmt"/>
        <line num="140" count="55" type="stmt"/>
        <line num="147" count="55" type="cond" truecount="1" falsecount="0"/>
        <line num="148" count="55" type="stmt"/>
        <line num="149" count="55" type="stmt"/>
        <line num="150" count="55" type="stmt"/>
        <line num="152" count="55" type="cond" truecount="1" falsecount="0"/>
        <line num="153" count="58" type="cond" truecount="1" falsecount="0"/>
        <line num="154" count="3" type="stmt"/>
        <line num="155" count="3" type="stmt"/>
        <line num="156" count="58" type="stmt"/>
        <line num="158" count="55" type="stmt"/>
        <line num="159" count="55" type="cond" truecount="1" falsecount="0"/>
        <line num="160" count="55" type="stmt"/>
        <line num="161" count="55" type="cond" truecount="0" falsecount="1"/>
        <line num="163" count="55" type="cond" truecount="2" falsecount="0"/>
        <line num="164" count="55" type="cond" truecount="1" falsecount="0"/>
        <line num="165" count="1" type="cond" truecount="1" falsecount="0"/>
        <line num="166" count="54" type="stmt"/>
        <line num="168" count="55" type="cond" truecount="1" falsecount="0"/>
        <line num="169" count="126" type="stmt"/>
        <line num="170" count="126" type="stmt"/>
        <line num="171" count="126" type="stmt"/>
        <line num="172" count="126" type="stmt"/>
        <line num="173" count="126" type="cond" truecount="0" falsecount="1"/>
        <line num="175" count="126" type="stmt"/>
        <line num="176" count="126" type="cond" truecount="1" falsecount="0"/>
        <line num="178" count="126" type="cond" truecount="1" falsecount="0"/>
        <line num="179" count="252" type="cond" truecount="1" falsecount="0"/>
        <line num="180" count="251" type="stmt"/>
        <line num="181" count="251" type="stmt"/>
        <line num="182" count="251" type="cond" truecount="0" falsecount="1"/>
        <line num="184" count="251" type="stmt"/>
        <line num="185" count="251" type="cond" truecount="0" falsecount="1"/>
        <line num="187" count="251" type="cond" truecount="1" falsecount="0"/>
        <line num="188" count="11" type="stmt"/>
        <line num="189" count="11" type="cond" truecount="1" falsecount="0"/>
        <line num="190" count="5" type="stmt"/>
        <line num="191" count="5" type="stmt"/>
        <line num="192" count="11" type="stmt"/>
        <line num="193" count="11" type="stmt"/>
        <line num="195" count="251" type="stmt"/>
        <line num="196" count="251" type="cond" truecount="2" falsecount="0"/>
        <line num="197" count="65" type="cond" truecount="1" falsecount="0"/>
        <line num="198" count="5" type="cond" truecount="1" falsecount="0"/>
        <line num="199" count="10" type="cond" truecount="2" falsecount="0"/>
        <line num="200" count="8" type="stmt"/>
        <line num="201" count="8" type="stmt"/>
        <line num="202" count="10" type="cond" truecount="1" falsecount="0"/>
        <line num="203" count="2" type="stmt"/>
        <line num="204" count="2" type="stmt"/>
        <line num="205" count="2" type="stmt"/>
        <line num="206" count="2" type="stmt"/>
        <line num="207" count="2" type="stmt"/>
        <line num="208" count="10" type="stmt"/>
        <line num="209" count="65" type="cond" truecount="1" falsecount="0"/>
        <line num="210" count="60" type="stmt"/>
        <line num="211" count="60" type="stmt"/>
        <line num="212" count="65" type="stmt"/>
        <line num="213" count="252" type="cond" truecount="1" falsecount="1"/>
        <line num="214" count="0" type="stmt"/>
        <line num="215" count="0" type="stmt"/>
        <line num="216" count="0" type="stmt"/>
        <line num="217" count="0" type="stmt"/>
        <line num="218" count="1" type="stmt"/>
        <line num="219" count="1" type="stmt"/>
        <line num="220" count="1" type="stmt"/>
        <line num="221" count="1" type="stmt"/>
        <line num="222" count="1" type="stmt"/>
        <line num="223" count="1" type="stmt"/>
        <line num="224" count="252" type="stmt"/>
        <line num="225" count="126" type="stmt"/>
        <line num="227" count="55" type="stmt"/>
        <line num="229" count="55" type="cond" truecount="2" falsecount="0"/>
        <line num="230" count="55" type="stmt"/>
        <line num="231" count="55" type="stmt"/>
      </file>
    </package>
    <package name="codegen">
      <metrics statements="12" coveredstatements="12" conditionals="3" coveredconditionals="3" methods="2" coveredmethods="2"/>
      <file name="plugin.ts" path="/Users/ludwigschubert/apollo-binary-transfer/src/codegen/plugin.ts">
        <metrics statements="12" coveredstatements="12" conditionals="3" coveredconditionals="3" methods="2" coveredmethods="2"/>
        <line num="1" count="1" type="stmt"/>
        <line num="4" count="1" type="cond" truecount="1" falsecount="0"/>
        <line num="5" count="2" type="stmt"/>
        <line num="6" count="2" type="stmt"/>
        <line num="7" count="2" type="stmt"/>
        <line num="9" count="1" type="cond" truecount="1" falsecount="0"/>
        <line num="10" count="2" type="cond" truecount="1" falsecount="0"/>
        <line num="11" count="1" type="stmt"/>
        <line num="12" count="1" type="stmt"/>
        <line num="13" count="1" type="stmt"/>
        <line num="14" count="1" type="stmt"/>
        <line num="15" count="2" type="stmt"/>
      </file>
    </package>
    <package name="server">
      <metrics statements="108" coveredstatements="102" conditionals="39" coveredconditionals="30" methods="8" coveredmethods="8"/>
      <file name="plugin.ts" path="/Users/ludwigschubert/apollo-binary-transfer/src/server/plugin.ts">
        <metrics statements="108" coveredstatements="102" conditionals="39" coveredconditionals="30" methods="8" coveredmethods="8"/>
        <line num="1" count="1" type="stmt"/>
        <line num="32" count="1" type="cond" truecount="1" falsecount="0"/>
        <line num="33" count="6" type="stmt"/>
        <line num="34" count="6" type="stmt"/>
        <line num="35" count="6" type="stmt"/>
        <line num="36" count="6" type="stmt"/>
        <line num="37" count="6" type="stmt"/>
        <line num="39" count="6" type="stmt"/>
        <line num="40" count="6" type="cond" truecount="1" falsecount="0"/>
        <line num="41" count="6" type="stmt"/>
        <line num="43" count="6" type="cond" truecount="1" falsecount="0"/>
        <line num="44" count="1" type="stmt"/>
        <line num="45" count="1" type="stmt"/>
        <line num="46" count="1" type="stmt"/>
        <line num="47" count="1" type="stmt"/>
        <line num="49" count="1" type="stmt"/>
        <line num="50" count="1" type="stmt"/>
        <line num="52" count="6" type="stmt"/>
        <line num="53" count="6" type="cond" truecount="1" falsecount="0"/>
        <line num="54" count="6" type="stmt"/>
        <line num="55" count="6" type="stmt"/>
        <line num="56" count="6" type="cond" truecount="1" falsecount="0"/>
        <line num="57" count="6" type="stmt"/>
        <line num="58" count="6" type="stmt"/>
        <line num="60" count="6" type="cond" truecount="1" falsecount="0"/>
        <line num="61" count="55" type="cond" truecount="0" falsecount="1"/>
        <line num="62" count="55" type="stmt"/>
        <line num="63" count="55" type="stmt"/>
        <line num="64" count="55" type="cond" truecount="0" falsecount="1"/>
        <line num="65" count="55" type="stmt"/>
        <line num="66" count="55" type="stmt"/>
        <line num="67" count="55" type="cond" truecount="0" falsecount="1"/>
        <line num="69" count="55" type="stmt"/>
        <line num="70" count="55" type="stmt"/>
        <line num="72" count="55" type="cond" truecount="1" falsecount="0"/>
        <line num="73" count="47" type="stmt"/>
        <line num="76" count="47" type="stmt"/>
        <line num="77" count="47" type="stmt"/>
        <line num="79" count="47" type="stmt"/>
        <line num="80" count="47" type="cond" truecount="0" falsecount="1"/>
        <line num="81" count="47" type="cond" truecount="1" falsecount="0"/>
        <line num="82" count="1" type="cond" truecount="1" falsecount="0"/>
        <line num="83" count="45" type="stmt"/>
        <line num="86" count="47" type="stmt"/>
        <line num="87" count="47" type="stmt"/>
        <line num="90" count="47" type="cond" truecount="1" falsecount="0"/>
        <line num="91" count="44" type="stmt"/>
        <line num="92" count="44" type="stmt"/>
        <line num="93" count="47" type="cond" truecount="1" falsecount="0"/>
        <line num="94" count="1" type="stmt"/>
        <line num="95" count="1" type="stmt"/>
        <line num="96" count="47" type="stmt"/>
        <line num="98" count="55" type="stmt"/>
        <line num="99" count="55" type="cond" truecount="1" falsecount="0"/>
        <line num="100" count="55" type="stmt"/>
        <line num="101" count="55" type="stmt"/>
        <line num="102" count="55" type="stmt"/>
        <line num="104" count="55" type="stmt"/>
        <line num="105" count="55" type="cond" truecount="1" falsecount="0"/>
        <line num="106" count="45" type="cond" truecount="1" falsecount="0"/>
        <line num="107" count="44" type="cond" truecount="1" falsecount="0"/>
        <line num="108" count="44" type="stmt"/>
        <line num="109" count="55" type="cond" truecount="3" falsecount="0"/>
        <line num="111" count="44" type="stmt"/>
        <line num="112" count="44" type="cond" truecount="1" falsecount="1"/>
        <line num="114" count="44" type="stmt"/>
        <line num="115" count="44" type="stmt"/>
        <line num="117" count="55" type="cond" truecount="1" falsecount="2"/>
        <line num="118" count="0" type="stmt"/>
        <line num="119" count="0" type="stmt"/>
        <line num="120" count="0" type="stmt"/>
        <line num="121" count="0" type="cond" truecount="1" falsecount="0"/>
        <line num="123" count="44" type="stmt"/>
        <line num="126" count="44" type="stmt"/>
        <line num="127" count="51" type="cond" truecount="0" falsecount="1"/>
        <line num="128" count="0" type="stmt"/>
        <line num="129" count="0" type="stmt"/>
        <line num="130" count="55" type="stmt"/>
        <line num="131" count="55" type="stmt"/>
        <line num="132" count="55" type="stmt"/>
        <line num="133" count="6" type="stmt"/>
        <line num="134" count="6" type="stmt"/>
        <line num="136" count="1" type="cond" truecount="1" falsecount="0"/>
        <line num="137" count="4" type="cond" truecount="1" falsecount="0"/>
        <line num="140" count="48" type="stmt"/>
        <line num="141" count="48" type="cond" truecount="1" falsecount="0"/>
        <line num="142" count="48" type="stmt"/>
        <line num="143" count="48" type="cond" truecount="1" falsecount="0"/>
        <line num="144" count="43" type="stmt"/>
        <line num="145" count="43" type="stmt"/>
        <line num="146" count="43" type="stmt"/>
        <line num="147" count="43" type="cond" truecount="1" falsecount="0"/>
        <line num="148" count="5" type="stmt"/>
        <line num="149" count="48" type="stmt"/>
        <line num="152" count="48" type="cond" truecount="0" falsecount="1"/>
        <line num="153" count="48" type="cond" truecount="1" falsecount="0"/>
        <line num="154" count="44" type="stmt"/>
        <line num="155" count="44" type="cond" truecount="1" falsecount="0"/>
        <line num="156" count="44" type="cond" truecount="1" falsecount="0"/>
        <line num="157" count="44" type="stmt"/>
        <line num="159" count="44" type="stmt"/>
        <line num="160" count="44" type="stmt"/>
        <line num="161" count="44" type="stmt"/>
        <line num="162" count="48" type="cond" truecount="1" falsecount="0"/>
        <line num="163" count="4" type="stmt"/>
        <line num="164" count="4" type="stmt"/>
        <line num="165" count="48" type="stmt"/>
        <line num="166" count="4" type="stmt"/>
      </file>
    </package>
    <package name="shared">
      <metrics statements="484" coveredstatements="482" conditionals="129" coveredconditionals="123" methods="16" coveredmethods="16"/>
      <file name="constants.ts" path="/Users/ludwigschubert/apollo-binary-transfer/src/shared/constants.ts">
        <metrics statements="7" coveredstatements="7" conditionals="0" coveredconditionals="0" methods="0" coveredmethods="0"/>
        <line num="1" count="1" type="stmt"/>
        <line num="2" count="1" type="stmt"/>
        <line num="3" count="1" type="stmt"/>
        <line num="4" count="1" type="stmt"/>
        <line num="5" count="1" type="stmt"/>
        <line num="6" count="1" type="stmt"/>
        <line num="7" count="1" type="stmt"/>
      </file>
      <file name="manifest.ts" path="/Users/ludwigschubert/apollo-binary-transfer/src/shared/manifest.ts">
        <metrics statements="69" coveredstatements="69" conditionals="21" coveredconditionals="19" methods="2" coveredmethods="2"/>
        <line num="1" count="1" type="stmt"/>
        <line num="87" count="1" type="cond" truecount="1" falsecount="0"/>
        <line num="88" count="27" type="stmt"/>
        <line num="89" count="27" type="stmt"/>
        <line num="90" count="27" type="stmt"/>
        <line num="91" count="27" type="stmt"/>
        <line num="92" count="27" type="stmt"/>
        <line num="93" count="27" type="stmt"/>
        <line num="94" count="27" type="stmt"/>
        <line num="95" count="27" type="stmt"/>
        <line num="96" count="27" type="cond" truecount="0" falsecount="1"/>
        <line num="97" count="27" type="stmt"/>
        <line num="98" count="27" type="stmt"/>
        <line num="100" count="27" type="stmt"/>
        <line num="101" count="27" type="cond" truecount="1" falsecount="0"/>
        <line num="102" count="16" type="stmt"/>
        <line num="103" count="16" type="stmt"/>
        <line num="105" count="27" type="stmt"/>
        <line num="107" count="27" type="cond" truecount="1" falsecount="0"/>
        <line num="108" count="454" type="cond" truecount="2" falsecount="0"/>
        <line num="110" count="454" type="cond" truecount="2" falsecount="0"/>
        <line num="111" count="96" type="stmt"/>
        <line num="112" count="96" type="cond" truecount="1" falsecount="0"/>
        <line num="114" count="96" type="stmt"/>
        <line num="115" count="96" type="cond" truecount="1" falsecount="0"/>
        <line num="116" count="96" type="stmt"/>
        <line num="117" count="96" type="cond" truecount="1" falsecount="0"/>
        <line num="119" count="454" type="cond" truecount="1" falsecount="0"/>
        <line num="120" count="16" type="stmt"/>
        <line num="121" count="16" type="cond" truecount="1" falsecount="0"/>
        <line num="122" count="16" type="cond" truecount="1" falsecount="0"/>
        <line num="123" count="16" type="stmt"/>
        <line num="124" count="454" type="stmt"/>
        <line num="126" count="27" type="stmt"/>
        <line num="127" count="27" type="stmt"/>
        <line num="129" count="473" type="cond" truecount="1" falsecount="0"/>
        <line num="130" count="473" type="stmt"/>
        <line num="131" count="473" type="stmt"/>
        <line num="132" count="473" type="stmt"/>
        <line num="134" count="473" type="stmt"/>
        <line num="135" count="473" type="stmt"/>
        <line num="136" count="473" type="stmt"/>
        <line num="138" count="473" type="cond" truecount="1" falsecount="0"/>
        <line num="139" count="356" type="stmt"/>
        <line num="140" count="356" type="stmt"/>
        <line num="141" count="356" type="stmt"/>
        <line num="142" count="473" type="cond" truecount="1" falsecount="0"/>
        <line num="143" count="96" type="stmt"/>
        <line num="144" count="96" type="stmt"/>
        <line num="146" count="473" type="stmt"/>
        <line num="147" count="473" type="stmt"/>
        <line num="148" count="473" type="stmt"/>
        <line num="149" count="473" type="stmt"/>
        <line num="150" count="473" type="stmt"/>
        <line num="151" count="473" type="stmt"/>
        <line num="152" count="473" type="stmt"/>
        <line num="153" count="473" type="stmt"/>
        <line num="155" count="473" type="cond" truecount="1" falsecount="0"/>
        <line num="156" count="144" type="stmt"/>
        <line num="157" count="144" type="stmt"/>
        <line num="158" count="144" type="cond" truecount="1" falsecount="0"/>
        <line num="159" count="144" type="cond" truecount="1" falsecount="0"/>
        <line num="160" count="176" type="stmt"/>
        <line num="161" count="176" type="stmt"/>
        <line num="162" count="176" type="cond" truecount="0" falsecount="1"/>
        <line num="163" count="144" type="stmt"/>
        <line num="164" count="144" type="stmt"/>
        <line num="166" count="473" type="stmt"/>
        <line num="167" count="473" type="stmt"/>
      </file>
      <file name="response-decoder.ts" path="/Users/ludwigschubert/apollo-binary-transfer/src/shared/response-decoder.ts">
        <metrics statements="80" coveredstatements="78" conditionals="26" coveredconditionals="24" methods="4" coveredmethods="4"/>
        <line num="1" count="1" type="stmt"/>
        <line num="13" count="1" type="cond" truecount="1" falsecount="0"/>
        <line num="14" count="70" type="stmt"/>
        <line num="15" count="70" type="stmt"/>
        <line num="16" count="70" type="stmt"/>
        <line num="17" count="70" type="stmt"/>
        <line num="18" count="70" type="stmt"/>
        <line num="19" count="70" type="stmt"/>
        <line num="20" count="70" type="stmt"/>
        <line num="21" count="70" type="cond" truecount="1" falsecount="0"/>
        <line num="23" count="70" type="cond" truecount="1" falsecount="0"/>
        <line num="24" count="469" type="stmt"/>
        <line num="25" count="469" type="stmt"/>
        <line num="26" count="469" type="stmt"/>
        <line num="27" count="469" type="stmt"/>
        <line num="28" count="469" type="stmt"/>
        <line num="31" count="469" type="stmt"/>
        <line num="33" count="469" type="cond" truecount="1" falsecount="0"/>
        <line num="34" count="1142" type="cond" truecount="1" falsecount="0"/>
        <line num="35" count="925" type="stmt"/>
        <line num="36" count="925" type="cond" truecount="3" falsecount="0"/>
        <line num="37" count="925" type="stmt"/>
        <line num="38" count="1142" type="cond" truecount="1" falsecount="0"/>
        <line num="39" count="217" type="stmt"/>
        <line num="40" count="217" type="stmt"/>
        <line num="41" count="217" type="cond" truecount="3" falsecount="0"/>
        <line num="42" count="217" type="stmt"/>
        <line num="44" count="217" type="cond" truecount="1" falsecount="0"/>
        <line num="45" count="3" type="stmt"/>
        <line num="46" count="217" type="cond" truecount="3" falsecount="0"/>
        <line num="47" count="29" type="stmt"/>
        <line num="48" count="29" type="stmt"/>
        <line num="50" count="29" type="cond" truecount="1" falsecount="0"/>
        <line num="51" count="7" type="stmt"/>
        <line num="52" count="7" type="cond" truecount="1" falsecount="0"/>
        <line num="53" count="14" type="stmt"/>
        <line num="54" count="14" type="stmt"/>
        <line num="55" count="14" type="stmt"/>
        <line num="56" count="14" type="stmt"/>
        <line num="57" count="14" type="cond" truecount="0" falsecount="1"/>
        <line num="58" count="0" type="stmt"/>
        <line num="59" count="14" type="stmt"/>
        <line num="60" count="14" type="stmt"/>
        <line num="61" count="14" type="stmt"/>
        <line num="62" count="29" type="cond" truecount="1" falsecount="0"/>
        <line num="63" count="22" type="cond" truecount="1" falsecount="0"/>
        <line num="64" count="200" type="stmt"/>
        <line num="65" count="200" type="stmt"/>
        <line num="66" count="22" type="stmt"/>
        <line num="67" count="29" type="stmt"/>
        <line num="68" count="214" type="cond" truecount="2" falsecount="0"/>
        <line num="69" count="3" type="stmt"/>
        <line num="70" count="3" type="stmt"/>
        <line num="71" count="3" type="stmt"/>
        <line num="72" count="3" type="stmt"/>
        <line num="73" count="3" type="stmt"/>
        <line num="74" count="3" type="cond" truecount="0" falsecount="1"/>
        <line num="75" count="0" type="stmt"/>
        <line num="76" count="3" type="stmt"/>
        <line num="77" count="3" type="stmt"/>
        <line num="78" count="185" type="cond" truecount="1" falsecount="0"/>
        <line num="81" count="182" type="stmt"/>
        <line num="82" count="182" type="stmt"/>
        <line num="83" count="182" type="stmt"/>
        <line num="84" count="217" type="stmt"/>
        <line num="85" count="1142" type="stmt"/>
        <line num="87" count="469" type="stmt"/>
        <line num="88" count="469" type="stmt"/>
        <line num="90" count="70" type="stmt"/>
        <line num="91" count="70" type="stmt"/>
        <line num="93" count="1" type="cond" truecount="1" falsecount="0"/>
        <line num="94" count="1" type="stmt"/>
        <line num="95" count="1" type="stmt"/>
        <line num="96" count="1" type="stmt"/>
        <line num="97" count="1" type="stmt"/>
        <line num="98" count="1" type="stmt"/>
        <line num="99" count="1" type="stmt"/>
        <line num="100" count="1" type="stmt"/>
        <line num="101" count="1" type="stmt"/>
        <line num="102" count="1" type="stmt"/>
      </file>
      <file name="response-encoder.ts" path="/Users/ludwigschubert/apollo-binary-transfer/src/shared/response-encoder.ts">
        <metrics statements="65" coveredstatements="65" conditionals="19" coveredconditionals="19" methods="3" coveredmethods="3"/>
        <line num="1" count="1" type="stmt"/>
        <line num="5" count="1" type="stmt"/>
        <line num="7" count="1" type="cond" truecount="1" falsecount="0"/>
        <line num="8" count="87" type="stmt"/>
        <line num="9" count="87" type="stmt"/>
        <line num="10" count="87" type="stmt"/>
        <line num="11" count="87" type="stmt"/>
        <line num="12" count="87" type="stmt"/>
        <line num="13" count="87" type="stmt"/>
        <line num="15" count="87" type="cond" truecount="1" falsecount="0"/>
        <line num="16" count="507" type="stmt"/>
        <line num="17" count="507" type="stmt"/>
        <line num="18" count="507" type="stmt"/>
        <line num="19" count="507" type="stmt"/>
        <line num="20" count="507" type="stmt"/>
        <line num="22" count="507" type="cond" truecount="1" falsecount="0"/>
        <line num="23" count="1219" type="cond" truecount="1" falsecount="0"/>
        <line num="25" count="981" type="stmt"/>
        <line num="26" count="981" type="cond" truecount="1" falsecount="0"/>
        <line num="27" count="1219" type="cond" truecount="1" falsecount="0"/>
        <line num="28" count="238" type="stmt"/>
        <line num="29" count="238" type="stmt"/>
        <line num="30" count="238" type="stmt"/>
        <line num="32" count="238" type="cond" truecount="2" falsecount="0"/>
        <line num="33" count="4" type="stmt"/>
        <line num="34" count="238" type="cond" truecount="3" falsecount="0"/>
        <line num="35" count="33" type="stmt"/>
        <line num="37" count="33" type="cond" truecount="1" falsecount="0"/>
        <line num="38" count="8" type="stmt"/>
        <line num="39" count="8" type="cond" truecount="1" falsecount="0"/>
        <line num="40" count="16" type="stmt"/>
        <line num="41" count="16" type="stmt"/>
        <line num="42" count="16" type="stmt"/>
        <line num="43" count="16" type="stmt"/>
        <line num="44" count="16" type="stmt"/>
        <line num="45" count="16" type="stmt"/>
        <line num="46" count="33" type="cond" truecount="1" falsecount="0"/>
        <line num="47" count="25" type="cond" truecount="1" falsecount="0"/>
        <line num="48" count="203" type="stmt"/>
        <line num="49" count="203" type="stmt"/>
        <line num="50" count="25" type="stmt"/>
        <line num="51" count="234" type="cond" truecount="2" falsecount="0"/>
        <line num="53" count="3" type="stmt"/>
        <line num="54" count="3" type="stmt"/>
        <line num="55" count="3" type="stmt"/>
        <line num="56" count="3" type="stmt"/>
        <line num="57" count="3" type="stmt"/>
        <line num="58" count="3" type="stmt"/>
        <line num="59" count="201" type="cond" truecount="1" falsecount="0"/>
        <line num="61" count="198" type="stmt"/>
        <line num="62" count="198" type="stmt"/>
        <line num="63" count="238" type="stmt"/>
        <line num="64" count="1219" type="stmt"/>
        <line num="65" count="507" type="stmt"/>
        <line num="67" count="87" type="stmt"/>
        <line num="68" count="87" type="stmt"/>
        <line num="69" count="87" type="stmt"/>
        <line num="71" count="1" type="cond" truecount="1" falsecount="0"/>
        <line num="72" count="47" type="stmt"/>
        <line num="73" count="47" type="stmt"/>
        <line num="74" count="47" type="stmt"/>
        <line num="75" count="47" type="stmt"/>
        <line num="76" count="47" type="stmt"/>
        <line num="77" count="47" type="stmt"/>
        <line num="78" count="47" type="stmt"/>
      </file>
      <file name="schema-hash.ts" path="/Users/ludwigschubert/apollo-binary-transfer/src/shared/schema-hash.ts">
        <metrics statements="6" coveredstatements="6" conditionals="1" coveredconditionals="1" methods="1" coveredmethods="1"/>
        <line num="1" count="1" type="stmt"/>
        <line num="5" count="1" type="cond" truecount="1" falsecount="0"/>
        <line num="6" count="50" type="stmt"/>
        <line num="7" count="50" type="stmt"/>
        <line num="8" count="50" type="stmt"/>
        <line num="9" count="50" type="stmt"/>
      </file>
      <file name="selection-decoder.ts" path="/Users/ludwigschubert/apollo-binary-transfer/src/shared/selection-decoder.ts">
        <metrics statements="136" coveredstatements="136" conditionals="26" coveredconditionals="26" methods="4" coveredmethods="4"/>
        <line num="1" count="1" type="stmt"/>
        <line num="14" count="1" type="cond" truecount="1" falsecount="0"/>
        <line num="15" count="76" type="stmt"/>
        <line num="16" count="76" type="stmt"/>
        <line num="17" count="76" type="stmt"/>
        <line num="18" count="76" type="stmt"/>
        <line num="19" count="76" type="cond" truecount="1" falsecount="0"/>
        <line num="20" count="4" type="cond" truecount="1" falsecount="0"/>
        <line num="21" count="72" type="stmt"/>
        <line num="23" count="76" type="stmt"/>
        <line num="24" count="76" type="stmt"/>
        <line num="26" count="76" type="stmt"/>
        <line num="27" count="76" type="cond" truecount="1" falsecount="0"/>
        <line num="28" count="74" type="stmt"/>
        <line num="29" count="74" type="stmt"/>
        <line num="30" count="74" type="stmt"/>
        <line num="31" count="74" type="stmt"/>
        <line num="32" count="74" type="stmt"/>
        <line num="33" count="74" type="stmt"/>
        <line num="35" count="76" type="stmt"/>
        <line num="36" count="76" type="stmt"/>
        <line num="37" count="76" type="stmt"/>
        <line num="38" count="76" type="stmt"/>
        <line num="39" count="76" type="cond" truecount="1" falsecount="0"/>
        <line num="40" count="4" type="cond" truecount="1" falsecount="0"/>
        <line num="41" count="72" type="stmt"/>
        <line num="42" count="76" type="stmt"/>
        <line num="43" count="76" type="stmt"/>
        <line num="44" count="76" type="stmt"/>
        <line num="45" count="76" type="stmt"/>
        <line num="46" count="76" type="stmt"/>
        <line num="48" count="174" type="cond" truecount="1" falsecount="0"/>
        <line num="49" count="174" type="stmt"/>
        <line num="50" count="174" type="stmt"/>
        <line num="51" count="174" type="stmt"/>
        <line num="52" count="174" type="stmt"/>
        <line num="53" count="174" type="stmt"/>
        <line num="54" count="174" type="stmt"/>
        <line num="55" count="174" type="stmt"/>
        <line num="57" count="174" type="cond" truecount="1" falsecount="0"/>
        <line num="58" count="348" type="cond" truecount="1" falsecount="0"/>
        <line num="59" count="259" type="stmt"/>
        <line num="60" count="259" type="stmt"/>
        <line num="61" count="348" type="cond" truecount="1" falsecount="0"/>
        <line num="62" count="89" type="stmt"/>
        <line num="63" count="89" type="stmt"/>
        <line num="65" count="89" type="cond" truecount="2" falsecount="0"/>
        <line num="66" count="9" type="stmt"/>
        <line num="67" count="9" type="stmt"/>
        <line num="71" count="9" type="stmt"/>
        <line num="72" count="9" type="stmt"/>
        <line num="73" count="9" type="stmt"/>
        <line num="74" count="9" type="stmt"/>
        <line num="76" count="9" type="cond" truecount="1" falsecount="0"/>
        <line num="77" count="18" type="stmt"/>
        <line num="78" count="18" type="stmt"/>
        <line num="80" count="18" type="stmt"/>
        <line num="81" count="18" type="stmt"/>
        <line num="82" count="18" type="stmt"/>
        <line num="83" count="18" type="stmt"/>
        <line num="84" count="18" type="stmt"/>
        <line num="85" count="18" type="stmt"/>
        <line num="87" count="18" type="stmt"/>
        <line num="88" count="18" type="stmt"/>
        <line num="89" count="18" type="stmt"/>
        <line num="90" count="18" type="stmt"/>
        <line num="91" count="18" type="stmt"/>
        <line num="92" count="18" type="stmt"/>
        <line num="93" count="18" type="stmt"/>
        <line num="94" count="18" type="stmt"/>
        <line num="95" count="18" type="stmt"/>
        <line num="96" count="18" type="stmt"/>
        <line num="97" count="18" type="stmt"/>
        <line num="98" count="18" type="stmt"/>
        <line num="100" count="9" type="stmt"/>
        <line num="101" count="9" type="stmt"/>
        <line num="102" count="9" type="stmt"/>
        <line num="103" count="9" type="stmt"/>
        <line num="104" count="9" type="stmt"/>
        <line num="105" count="9" type="stmt"/>
        <line num="106" count="9" type="stmt"/>
        <line num="107" count="89" type="cond" truecount="1" falsecount="0"/>
        <line num="108" count="80" type="stmt"/>
        <line num="109" count="80" type="stmt"/>
        <line num="110" count="80" type="stmt"/>
        <line num="111" count="80" type="stmt"/>
        <line num="112" count="80" type="stmt"/>
        <line num="113" count="80" type="stmt"/>
        <line num="114" count="80" type="stmt"/>
        <line num="115" count="80" type="stmt"/>
        <line num="116" count="80" type="stmt"/>
        <line num="117" count="80" type="stmt"/>
        <line num="118" count="89" type="stmt"/>
        <line num="119" count="348" type="stmt"/>
        <line num="121" count="174" type="stmt"/>
        <line num="122" count="174" type="stmt"/>
        <line num="124" count="348" type="cond" truecount="1" falsecount="0"/>
        <line num="125" count="348" type="stmt"/>
        <line num="126" count="348" type="stmt"/>
        <line num="127" count="348" type="stmt"/>
        <line num="128" count="348" type="stmt"/>
        <line num="129" count="348" type="stmt"/>
        <line num="131" count="348" type="cond" truecount="2" falsecount="0"/>
        <line num="132" count="74" type="stmt"/>
        <line num="133" count="74" type="stmt"/>
        <line num="134" count="74" type="stmt"/>
        <line num="135" count="74" type="stmt"/>
        <line num="136" count="74" type="stmt"/>
        <line num="137" count="74" type="stmt"/>
        <line num="138" count="74" type="stmt"/>
        <line num="139" count="74" type="stmt"/>
        <line num="140" count="74" type="stmt"/>
        <line num="142" count="348" type="stmt"/>
        <line num="143" count="348" type="stmt"/>
        <line num="144" count="348" type="stmt"/>
        <line num="145" count="348" type="cond" truecount="2" falsecount="0"/>
        <line num="146" count="348" type="stmt"/>
        <line num="147" count="348" type="stmt"/>
        <line num="150" count="132" type="cond" truecount="1" falsecount="0"/>
        <line num="151" count="132" type="cond" truecount="2" falsecount="0"/>
        <line num="152" count="52" type="stmt"/>
        <line num="153" count="52" type="stmt"/>
        <line num="154" count="52" type="stmt"/>
        <line num="155" count="52" type="stmt"/>
        <line num="156" count="52" type="cond" truecount="1" falsecount="0"/>
        <line num="157" count="132" type="cond" truecount="2" falsecount="0"/>
        <line num="158" count="6" type="stmt"/>
        <line num="159" count="6" type="stmt"/>
        <line num="160" count="6" type="stmt"/>
        <line num="161" count="6" type="stmt"/>
        <line num="162" count="6" type="cond" truecount="1" falsecount="0"/>
        <line num="163" count="74" type="stmt"/>
        <line num="164" count="74" type="stmt"/>
        <line num="165" count="74" type="stmt"/>
        <line num="166" count="74" type="stmt"/>
        <line num="167" count="74" type="stmt"/>
      </file>
      <file name="selection-encoder.ts" path="/Users/ludwigschubert/apollo-binary-transfer/src/shared/selection-encoder.ts">
        <metrics statements="121" coveredstatements="121" conditionals="36" coveredconditionals="34" methods="2" coveredmethods="2"/>
        <line num="1" count="1" type="stmt"/>
        <line num="11" count="1" type="cond" truecount="1" falsecount="0"/>
        <line num="12" count="113" type="stmt"/>
        <line num="13" count="113" type="stmt"/>
        <line num="14" count="113" type="stmt"/>
        <line num="15" count="113" type="stmt"/>
        <line num="17" count="113" type="cond" truecount="1" falsecount="0"/>
        <line num="18" count="121" type="cond" truecount="1" falsecount="0"/>
        <line num="19" count="9" type="stmt"/>
        <line num="20" count="9" type="stmt"/>
        <line num="21" count="121" type="stmt"/>
        <line num="23" count="113" type="stmt"/>
        <line num="24" count="113" type="cond" truecount="1" falsecount="0"/>
        <line num="25" count="113" type="stmt"/>
        <line num="26" count="113" type="cond" truecount="2" falsecount="0"/>
        <line num="27" count="1" type="stmt"/>
        <line num="28" count="1" type="cond" truecount="1" falsecount="0"/>
        <line num="30" count="113" type="cond" truecount="2" falsecount="0"/>
        <line num="31" count="113" type="cond" truecount="1" falsecount="0"/>
        <line num="32" count="5" type="cond" truecount="1" falsecount="0"/>
        <line num="33" count="107" type="stmt"/>
        <line num="35" count="113" type="stmt"/>
        <line num="36" count="113" type="stmt"/>
        <line num="37" count="113" type="stmt"/>
        <line num="38" count="113" type="stmt"/>
        <line num="39" count="113" type="stmt"/>
        <line num="40" count="113" type="stmt"/>
        <line num="42" count="113" type="stmt"/>
        <line num="43" count="113" type="stmt"/>
        <line num="45" count="265" type="cond" truecount="1" falsecount="0"/>
        <line num="46" count="265" type="stmt"/>
        <line num="47" count="265" type="stmt"/>
        <line num="48" count="265" type="stmt"/>
        <line num="49" count="265" type="stmt"/>
        <line num="50" count="265" type="stmt"/>
        <line num="51" count="265" type="stmt"/>
        <line num="52" count="265" type="cond" truecount="2" falsecount="0"/>
        <line num="54" count="264" type="stmt"/>
        <line num="55" count="264" type="cond" truecount="1" falsecount="0"/>
        <line num="57" count="264" type="stmt"/>
        <line num="59" count="265" type="cond" truecount="1" falsecount="0"/>
        <line num="60" count="536" type="stmt"/>
        <line num="61" count="536" type="cond" truecount="1" falsecount="0"/>
        <line num="62" count="532" type="stmt"/>
        <line num="63" count="532" type="stmt"/>
        <line num="64" count="532" type="cond" truecount="2" falsecount="0"/>
        <line num="66" count="531" type="stmt"/>
        <line num="67" count="532" type="cond" truecount="2" falsecount="0"/>
        <line num="69" count="530" type="stmt"/>
        <line num="71" count="532" type="cond" truecount="2" falsecount="0"/>
        <line num="72" count="394" type="stmt"/>
        <line num="73" count="532" type="cond" truecount="2" falsecount="0"/>
        <line num="74" count="13" type="stmt"/>
        <line num="75" count="13" type="stmt"/>
        <line num="77" count="13" type="cond" truecount="1" falsecount="0"/>
        <line num="78" count="26" type="cond" truecount="2" falsecount="0"/>
        <line num="79" count="21" type="stmt"/>
        <line num="80" count="21" type="stmt"/>
        <line num="81" count="21" type="cond" truecount="0" falsecount="1"/>
        <line num="83" count="21" type="stmt"/>
        <line num="84" count="21" type="stmt"/>
        <line num="85" count="21" type="stmt"/>
        <line num="86" count="21" type="stmt"/>
        <line num="87" count="21" type="stmt"/>
        <line num="88" count="21" type="stmt"/>
        <line num="89" count="21" type="stmt"/>
        <line num="90" count="26" type="cond" truecount="1" falsecount="0"/>
        <line num="91" count="5" type="stmt"/>
        <line num="92" count="5" type="stmt"/>
        <line num="93" count="5" type="stmt"/>
        <line num="94" count="5" type="stmt"/>
        <line num="95" count="5" type="stmt"/>
        <line num="96" count="5" type="stmt"/>
        <line num="97" count="5" type="stmt"/>
        <line num="98" count="5" type="stmt"/>
        <line num="99" count="5" type="stmt"/>
        <line num="100" count="5" type="stmt"/>
        <line num="101" count="5" type="stmt"/>
        <line num="102" count="5" type="stmt"/>
        <line num="103" count="5" type="stmt"/>
        <line num="104" count="5" type="stmt"/>
        <line num="105" count="26" type="stmt"/>
        <line num="107" count="13" type="stmt"/>
        <line num="108" count="136" type="cond" truecount="1" falsecount="0"/>
        <line num="109" count="123" type="stmt"/>
        <line num="110" count="123" type="stmt"/>
        <line num="111" count="123" type="stmt"/>
        <line num="112" count="123" type="stmt"/>
        <line num="113" count="123" type="stmt"/>
        <line num="114" count="123" type="stmt"/>
        <line num="115" count="123" type="stmt"/>
        <line num="116" count="123" type="cond" truecount="1" falsecount="0"/>
        <line num="117" count="529" type="stmt"/>
        <line num="118" count="529" type="stmt"/>
        <line num="120" count="536" type="cond" truecount="1" falsecount="0"/>
        <line num="121" count="1" type="stmt"/>
        <line num="122" count="1" type="stmt"/>
        <line num="123" count="1" type="cond" truecount="0" falsecount="1"/>
        <line num="124" count="1" type="stmt"/>
        <line num="125" count="1" type="stmt"/>
        <line num="126" count="1" type="stmt"/>
        <line num="127" count="1" type="stmt"/>
        <line num="128" count="1" type="stmt"/>
        <line num="129" count="1" type="stmt"/>
        <line num="131" count="536" type="cond" truecount="1" falsecount="0"/>
        <line num="132" count="3" type="stmt"/>
        <line num="133" count="3" type="stmt"/>
        <line num="134" count="3" type="stmt"/>
        <line num="135" count="3" type="stmt"/>
        <line num="136" count="3" type="stmt"/>
        <line num="137" count="3" type="stmt"/>
        <line num="138" count="3" type="stmt"/>
        <line num="139" count="3" type="stmt"/>
        <line num="140" count="3" type="stmt"/>
        <line num="141" count="3" type="stmt"/>
        <line num="142" count="3" type="stmt"/>
        <line num="143" count="3" type="stmt"/>
        <line num="144" count="536" type="stmt"/>
        <line num="145" count="536" type="cond" truecount="1" falsecount="0"/>
        <line num="147" count="262" type="stmt"/>
        <line num="148" count="262" type="stmt"/>
      </file>
    </package>
  </project>
</coverage>
