{"/Users/ludwigschubert/apollo-binary-transfer/src/client/link.ts": {"path":"/Users/ludwigschubert/apollo-binary-transfer/src/client/link.ts","all":false,"statementMap":{"0":{"start":{"line":1,"column":0},"end":{"line":1,"column":8}},"26":{"start":{"line":27,"column":0},"end":{"line":27,"column":52}},"27":{"start":{"line":28,"column":0},"end":{"line":28,"column":21}},"28":{"start":{"line":29,"column":0},"end":{"line":29,"column":42}},"29":{"start":{"line":30,"column":0},"end":{"line":30,"column":42}},"30":{"start":{"line":31,"column":0},"end":{"line":31,"column":49}},"31":{"start":{"line":32,"column":0},"end":{"line":32,"column":41}},"32":{"start":{"line":33,"column":0},"end":{"line":33,"column":37}},"34":{"start":{"line":35,"column":0},"end":{"line":35,"column":51}},"35":{"start":{"line":36,"column":0},"end":{"line":36,"column":11}},"36":{"start":{"line":37,"column":0},"end":{"line":37,"column":26}},"37":{"start":{"line":38,"column":0},"end":{"line":38,"column":36}},"38":{"start":{"line":39,"column":0},"end":{"line":39,"column":69}},"39":{"start":{"line":40,"column":0},"end":{"line":40,"column":59}},"40":{"start":{"line":41,"column":0},"end":{"line":41,"column":57}},"42":{"start":{"line":43,"column":0},"end":{"line":43,"column":48}},"43":{"start":{"line":44,"column":0},"end":{"line":44,"column":38}},"44":{"start":{"line":45,"column":0},"end":{"line":45,"column":12}},"45":{"start":{"line":46,"column":0},"end":{"line":46,"column":37}},"46":{"start":{"line":47,"column":0},"end":{"line":47,"column":30}},"47":{"start":{"line":48,"column":0},"end":{"line":48,"column":5}},"48":{"start":{"line":49,"column":0},"end":{"line":49,"column":3}},"50":{"start":{"line":51,"column":0},"end":{"line":51,"column":58}},"51":{"start":{"line":52,"column":0},"end":{"line":52,"column":52}},"52":{"start":{"line":53,"column":0},"end":{"line":53,"column":29}},"53":{"start":{"line":54,"column":0},"end":{"line":54,"column":71}},"54":{"start":{"line":55,"column":0},"end":{"line":55,"column":42}},"55":{"start":{"line":56,"column":0},"end":{"line":56,"column":6}},"56":{"start":{"line":57,"column":0},"end":{"line":57,"column":3}},"58":{"start":{"line":59,"column":0},"end":{"line":59,"column":69}},"59":{"start":{"line":60,"column":0},"end":{"line":60,"column":52}},"60":{"start":{"line":61,"column":0},"end":{"line":61,"column":22}},"61":{"start":{"line":62,"column":0},"end":{"line":62,"column":19}},"62":{"start":{"line":63,"column":0},"end":{"line":63,"column":5}},"64":{"start":{"line":65,"column":0},"end":{"line":65,"column":56}},"66":{"start":{"line":67,"column":0},"end":{"line":67,"column":30}},"67":{"start":{"line":68,"column":0},"end":{"line":68,"column":14}},"68":{"start":{"line":69,"column":0},"end":{"line":69,"column":22}},"69":{"start":{"line":70,"column":0},"end":{"line":70,"column":5}},"71":{"start":{"line":72,"column":0},"end":{"line":72,"column":77}},"72":{"start":{"line":73,"column":0},"end":{"line":73,"column":41}},"73":{"start":{"line":74,"column":0},"end":{"line":74,"column":5}},"75":{"start":{"line":76,"column":0},"end":{"line":76,"column":49}},"77":{"start":{"line":78,"column":0},"end":{"line":78,"column":45}},"78":{"start":{"line":79,"column":0},"end":{"line":79,"column":34}},"79":{"start":{"line":80,"column":0},"end":{"line":80,"column":68}},"80":{"start":{"line":81,"column":0},"end":{"line":81,"column":25}},"81":{"start":{"line":82,"column":0},"end":{"line":82,"column":5}},"83":{"start":{"line":84,"column":0},"end":{"line":84,"column":46}},"84":{"start":{"line":85,"column":0},"end":{"line":85,"column":21}},"85":{"start":{"line":86,"column":0},"end":{"line":86,"column":14}},"86":{"start":{"line":87,"column":0},"end":{"line":87,"column":36}},"87":{"start":{"line":88,"column":0},"end":{"line":88,"column":22}},"88":{"start":{"line":89,"column":0},"end":{"line":89,"column":6}},"91":{"start":{"line":92,"column":0},"end":{"line":92,"column":64}},"92":{"start":{"line":93,"column":0},"end":{"line":93,"column":76}},"93":{"start":{"line":94,"column":0},"end":{"line":94,"column":19}},"94":{"start":{"line":95,"column":0},"end":{"line":95,"column":61}},"95":{"start":{"line":96,"column":0},"end":{"line":96,"column":51}},"96":{"start":{"line":97,"column":0},"end":{"line":97,"column":43}},"98":{"start":{"line":99,"column":0},"end":{"line":99,"column":7}},"99":{"start":{"line":100,"column":0},"end":{"line":100,"column":5}},"101":{"start":{"line":102,"column":0},"end":{"line":102,"column":61}},"103":{"start":{"line":104,"column":0},"end":{"line":104,"column":44}},"104":{"start":{"line":105,"column":0},"end":{"line":105,"column":11}},"105":{"start":{"line":106,"column":0},"end":{"line":106,"column":62}},"106":{"start":{"line":107,"column":0},"end":{"line":107,"column":48}},"107":{"start":{"line":108,"column":0},"end":{"line":108,"column":41}},"108":{"start":{"line":109,"column":0},"end":{"line":109,"column":37}},"110":{"start":{"line":111,"column":0},"end":{"line":111,"column":37}},"111":{"start":{"line":112,"column":0},"end":{"line":112,"column":41}},"112":{"start":{"line":113,"column":0},"end":{"line":113,"column":15}},"113":{"start":{"line":114,"column":0},"end":{"line":114,"column":23}},"114":{"start":{"line":115,"column":0},"end":{"line":115,"column":24}},"115":{"start":{"line":116,"column":0},"end":{"line":116,"column":17}},"116":{"start":{"line":117,"column":0},"end":{"line":117,"column":9}},"118":{"start":{"line":119,"column":0},"end":{"line":119,"column":56}},"119":{"start":{"line":120,"column":0},"end":{"line":120,"column":68}},"121":{"start":{"line":122,"column":0},"end":{"line":122,"column":31}},"122":{"start":{"line":123,"column":0},"end":{"line":123,"column":21}},"123":{"start":{"line":124,"column":0},"end":{"line":124,"column":40}},"124":{"start":{"line":125,"column":0},"end":{"line":125,"column":70}},"125":{"start":{"line":126,"column":0},"end":{"line":126,"column":9}},"126":{"start":{"line":127,"column":0},"end":{"line":127,"column":24}},"127":{"start":{"line":128,"column":0},"end":{"line":128,"column":70}},"128":{"start":{"line":129,"column":0},"end":{"line":129,"column":9}},"129":{"start":{"line":130,"column":0},"end":{"line":130,"column":7}},"130":{"start":{"line":131,"column":0},"end":{"line":131,"column":5}},"132":{"start":{"line":133,"column":0},"end":{"line":133,"column":39}},"133":{"start":{"line":134,"column":0},"end":{"line":134,"column":44}},"134":{"start":{"line":135,"column":0},"end":{"line":135,"column":5}},"136":{"start":{"line":137,"column":0},"end":{"line":137,"column":20}},"137":{"start":{"line":138,"column":0},"end":{"line":138,"column":72}},"138":{"start":{"line":139,"column":0},"end":{"line":139,"column":5}},"139":{"start":{"line":140,"column":0},"end":{"line":140,"column":3}},"146":{"start":{"line":147,"column":0},"end":{"line":147,"column":72}},"147":{"start":{"line":148,"column":0},"end":{"line":148,"column":26}},"148":{"start":{"line":149,"column":0},"end":{"line":149,"column":35}},"149":{"start":{"line":150,"column":0},"end":{"line":150,"column":44}},"151":{"start":{"line":152,"column":0},"end":{"line":152,"column":45}},"152":{"start":{"line":153,"column":0},"end":{"line":153,"column":50}},"153":{"start":{"line":154,"column":0},"end":{"line":154,"column":42}},"154":{"start":{"line":155,"column":0},"end":{"line":155,"column":7}},"155":{"start":{"line":156,"column":0},"end":{"line":156,"column":5}},"157":{"start":{"line":158,"column":0},"end":{"line":158,"column":48}},"158":{"start":{"line":159,"column":0},"end":{"line":159,"column":47}},"159":{"start":{"line":160,"column":0},"end":{"line":160,"column":5}},"160":{"start":{"line":161,"column":0},"end":{"line":161,"column":84}},"162":{"start":{"line":163,"column":0},"end":{"line":163,"column":68}},"163":{"start":{"line":164,"column":0},"end":{"line":164,"column":44}},"164":{"start":{"line":165,"column":0},"end":{"line":165,"column":37}},"165":{"start":{"line":166,"column":0},"end":{"line":166,"column":33}},"167":{"start":{"line":168,"column":0},"end":{"line":168,"column":28}},"168":{"start":{"line":169,"column":0},"end":{"line":169,"column":33}},"169":{"start":{"line":170,"column":0},"end":{"line":170,"column":28}},"170":{"start":{"line":171,"column":0},"end":{"line":171,"column":10}},"171":{"start":{"line":172,"column":0},"end":{"line":172,"column":60}},"172":{"start":{"line":173,"column":0},"end":{"line":173,"column":29}},"174":{"start":{"line":175,"column":0},"end":{"line":175,"column":50}},"175":{"start":{"line":176,"column":0},"end":{"line":176,"column":68}},"177":{"start":{"line":178,"column":0},"end":{"line":178,"column":37}},"178":{"start":{"line":179,"column":0},"end":{"line":179,"column":38}},"179":{"start":{"line":180,"column":0},"end":{"line":180,"column":40}},"180":{"start":{"line":181,"column":0},"end":{"line":181,"column":39}},"181":{"start":{"line":182,"column":0},"end":{"line":182,"column":45}},"183":{"start":{"line":184,"column":0},"end":{"line":184,"column":42}},"184":{"start":{"line":185,"column":0},"end":{"line":185,"column":41}},"186":{"start":{"line":187,"column":0},"end":{"line":187,"column":28}},"187":{"start":{"line":188,"column":0},"end":{"line":188,"column":29}},"188":{"start":{"line":189,"column":0},"end":{"line":189,"column":43}},"189":{"start":{"line":190,"column":0},"end":{"line":190,"column":48}},"190":{"start":{"line":191,"column":0},"end":{"line":191,"column":13}},"191":{"start":{"line":192,"column":0},"end":{"line":192,"column":64}},"192":{"start":{"line":193,"column":0},"end":{"line":193,"column":11}},"194":{"start":{"line":195,"column":0},"end":{"line":195,"column":49}},"195":{"start":{"line":196,"column":0},"end":{"line":196,"column":59}},"196":{"start":{"line":197,"column":0},"end":{"line":197,"column":35}},"197":{"start":{"line":198,"column":0},"end":{"line":198,"column":67}},"198":{"start":{"line":199,"column":0},"end":{"line":199,"column":83}},"199":{"start":{"line":200,"column":0},"end":{"line":200,"column":97}},"200":{"start":{"line":201,"column":0},"end":{"line":201,"column":17}},"201":{"start":{"line":202,"column":0},"end":{"line":202,"column":59}},"202":{"start":{"line":203,"column":0},"end":{"line":203,"column":63}},"203":{"start":{"line":204,"column":0},"end":{"line":204,"column":44}},"204":{"start":{"line":205,"column":0},"end":{"line":205,"column":95}},"205":{"start":{"line":206,"column":0},"end":{"line":206,"column":19}},"206":{"start":{"line":207,"column":0},"end":{"line":207,"column":17}},"207":{"start":{"line":208,"column":0},"end":{"line":208,"column":15}},"208":{"start":{"line":209,"column":0},"end":{"line":209,"column":20}},"209":{"start":{"line":210,"column":0},"end":{"line":210,"column":74}},"210":{"start":{"line":211,"column":0},"end":{"line":211,"column":13}},"211":{"start":{"line":212,"column":0},"end":{"line":212,"column":11}},"212":{"start":{"line":213,"column":0},"end":{"line":213,"column":55}},"213":{"start":{"line":214,"column":0},"end":{"line":214,"column":25}},"214":{"start":{"line":215,"column":0},"end":{"line":215,"column":40}},"215":{"start":{"line":216,"column":0},"end":{"line":216,"column":59}},"216":{"start":{"line":217,"column":0},"end":{"line":217,"column":11}},"217":{"start":{"line":218,"column":0},"end":{"line":218,"column":55}},"218":{"start":{"line":219,"column":0},"end":{"line":219,"column":52}},"219":{"start":{"line":220,"column":0},"end":{"line":220,"column":21}},"220":{"start":{"line":221,"column":0},"end":{"line":221,"column":87}},"221":{"start":{"line":222,"column":0},"end":{"line":222,"column":11}},"222":{"start":{"line":223,"column":0},"end":{"line":223,"column":9}},"223":{"start":{"line":224,"column":0},"end":{"line":224,"column":7}},"224":{"start":{"line":225,"column":0},"end":{"line":225,"column":5}},"226":{"start":{"line":227,"column":0},"end":{"line":227,"column":67}},"228":{"start":{"line":229,"column":0},"end":{"line":229,"column":39}},"229":{"start":{"line":230,"column":0},"end":{"line":230,"column":3}},"230":{"start":{"line":231,"column":0},"end":{"line":231,"column":1}}},"s":{"0":1,"26":1,"27":55,"28":55,"29":55,"30":55,"31":55,"32":55,"34":55,"35":55,"36":55,"37":55,"38":55,"39":55,"40":55,"42":55,"43":1,"44":55,"45":54,"46":54,"47":54,"48":55,"50":55,"51":55,"52":55,"53":55,"54":55,"55":55,"56":55,"58":55,"59":55,"60":55,"61":55,"62":55,"64":55,"66":55,"67":55,"68":55,"69":55,"71":55,"72":52,"73":52,"75":55,"77":55,"78":55,"79":55,"80":55,"81":55,"83":55,"84":55,"85":55,"86":55,"87":55,"88":55,"91":55,"92":55,"93":2,"94":2,"95":2,"96":2,"98":2,"99":2,"101":55,"103":55,"104":53,"105":53,"106":53,"107":1,"108":52,"110":53,"111":53,"112":53,"113":53,"114":53,"115":53,"116":53,"118":53,"119":53,"121":53,"122":53,"123":1,"124":1,"125":1,"126":1,"127":1,"128":1,"129":1,"130":53,"132":15,"133":1,"134":1,"136":1,"137":1,"138":1,"139":55,"146":55,"147":55,"148":55,"149":55,"151":55,"152":58,"153":3,"154":3,"155":58,"157":55,"158":55,"159":55,"160":55,"162":55,"163":55,"164":1,"165":54,"167":55,"168":126,"169":126,"170":126,"171":126,"172":126,"174":126,"175":126,"177":126,"178":252,"179":251,"180":251,"181":251,"183":251,"184":251,"186":251,"187":11,"188":11,"189":5,"190":5,"191":11,"192":11,"194":251,"195":251,"196":65,"197":5,"198":10,"199":8,"200":8,"201":10,"202":2,"203":2,"204":2,"205":2,"206":2,"207":10,"208":65,"209":60,"210":60,"211":65,"212":252,"213":0,"214":0,"215":0,"216":0,"217":1,"218":1,"219":1,"220":1,"221":1,"222":1,"223":252,"224":126,"226":55,"228":55,"229":55,"230":55},"branchMap":{"0":{"type":"branch","line":27,"loc":{"start":{"line":27,"column":51},"end":{"line":231,"column":1}},"locations":[{"start":{"line":27,"column":51},"end":{"line":231,"column":1}}]},"1":{"type":"branch","line":35,"loc":{"start":{"line":35,"column":2},"end":{"line":49,"column":3}},"locations":[{"start":{"line":35,"column":2},"end":{"line":49,"column":3}}]},"2":{"type":"branch","line":39,"loc":{"start":{"line":39,"column":27},"end":{"line":39,"column":69}},"locations":[{"start":{"line":39,"column":27},"end":{"line":39,"column":69}}]},"3":{"type":"branch","line":40,"loc":{"start":{"line":40,"column":31},"end":{"line":40,"column":59}},"locations":[{"start":{"line":40,"column":31},"end":{"line":40,"column":59}}]},"4":{"type":"branch","line":41,"loc":{"start":{"line":41,"column":29},"end":{"line":41,"column":57}},"locations":[{"start":{"line":41,"column":29},"end":{"line":41,"column":57}}]},"5":{"type":"branch","line":43,"loc":{"start":{"line":43,"column":47},"end":{"line":45,"column":11}},"locations":[{"start":{"line":43,"column":47},"end":{"line":45,"column":11}}]},"6":{"type":"branch","line":45,"loc":{"start":{"line":45,"column":4},"end":{"line":48,"column":5}},"locations":[{"start":{"line":45,"column":4},"end":{"line":48,"column":5}}]},"7":{"type":"branch","line":47,"loc":{"start":{"line":47,"column":23},"end":{"line":47,"column":30}},"locations":[{"start":{"line":47,"column":23},"end":{"line":47,"column":30}}]},"8":{"type":"branch","line":51,"loc":{"start":{"line":51,"column":2},"end":{"line":57,"column":3}},"locations":[{"start":{"line":51,"column":2},"end":{"line":57,"column":3}}]},"9":{"type":"branch","line":52,"loc":{"start":{"line":52,"column":39},"end":{"line":56,"column":5}},"locations":[{"start":{"line":52,"column":39},"end":{"line":56,"column":5}}]},"10":{"type":"branch","line":54,"loc":{"start":{"line":54,"column":14},"end":{"line":54,"column":70}},"locations":[{"start":{"line":54,"column":14},"end":{"line":54,"column":70}}]},"11":{"type":"branch","line":55,"loc":{"start":{"line":55,"column":15},"end":{"line":55,"column":41}},"locations":[{"start":{"line":55,"column":15},"end":{"line":55,"column":41}}]},"12":{"type":"branch","line":59,"loc":{"start":{"line":59,"column":2},"end":{"line":140,"column":3}},"locations":[{"start":{"line":59,"column":2},"end":{"line":140,"column":3}}]},"13":{"type":"branch","line":72,"loc":{"start":{"line":72,"column":76},"end":{"line":74,"column":5}},"locations":[{"start":{"line":72,"column":76},"end":{"line":74,"column":5}}]},"14":{"type":"branch","line":93,"loc":{"start":{"line":93,"column":75},"end":{"line":100,"column":5}},"locations":[{"start":{"line":93,"column":75},"end":{"line":100,"column":5}}]},"15":{"type":"branch","line":102,"loc":{"start":{"line":102,"column":54},"end":{"line":102,"column":61}},"locations":[{"start":{"line":102,"column":54},"end":{"line":102,"column":61}}]},"16":{"type":"branch","line":104,"loc":{"start":{"line":104,"column":43},"end":{"line":131,"column":5}},"locations":[{"start":{"line":104,"column":43},"end":{"line":131,"column":5}}]},"17":{"type":"branch","line":107,"loc":{"start":{"line":107,"column":47},"end":{"line":108,"column":41}},"locations":[{"start":{"line":107,"column":47},"end":{"line":108,"column":41}}]},"18":{"type":"branch","line":108,"loc":{"start":{"line":108,"column":32},"end":{"line":109,"column":37}},"locations":[{"start":{"line":108,"column":32},"end":{"line":109,"column":37}}]},"19":{"type":"branch","line":120,"loc":{"start":{"line":120,"column":23},"end":{"line":120,"column":59}},"locations":[{"start":{"line":120,"column":23},"end":{"line":120,"column":59}}]},"20":{"type":"branch","line":120,"loc":{"start":{"line":120,"column":55},"end":{"line":120,"column":68}},"locations":[{"start":{"line":120,"column":55},"end":{"line":120,"column":68}}]},"21":{"type":"branch","line":123,"loc":{"start":{"line":123,"column":6},"end":{"line":130,"column":7}},"locations":[{"start":{"line":123,"column":6},"end":{"line":130,"column":7}}]},"22":{"type":"branch","line":131,"loc":{"start":{"line":131,"column":4},"end":{"line":139,"column":5}},"locations":[{"start":{"line":131,"column":4},"end":{"line":139,"column":5}}]},"23":{"type":"branch","line":131,"loc":{"start":{"line":131,"column":4},"end":{"line":133,"column":38}},"locations":[{"start":{"line":131,"column":4},"end":{"line":133,"column":38}}]},"24":{"type":"branch","line":133,"loc":{"start":{"line":133,"column":38},"end":{"line":139,"column":5}},"locations":[{"start":{"line":133,"column":38},"end":{"line":139,"column":5}}]},"25":{"type":"branch","line":147,"loc":{"start":{"line":147,"column":10},"end":{"line":230,"column":3}},"locations":[{"start":{"line":147,"column":10},"end":{"line":230,"column":3}}]},"26":{"type":"branch","line":152,"loc":{"start":{"line":152,"column":44},"end":{"line":156,"column":5}},"locations":[{"start":{"line":152,"column":44},"end":{"line":156,"column":5}}]},"27":{"type":"branch","line":153,"loc":{"start":{"line":153,"column":49},"end":{"line":155,"column":7}},"locations":[{"start":{"line":153,"column":49},"end":{"line":155,"column":7}}]},"28":{"type":"branch","line":161,"loc":{"start":{"line":161,"column":68},"end":{"line":161,"column":84}},"locations":[{"start":{"line":161,"column":68},"end":{"line":161,"column":84}}]},"29":{"type":"branch","line":163,"loc":{"start":{"line":163,"column":50},"end":{"line":163,"column":67}},"locations":[{"start":{"line":163,"column":50},"end":{"line":163,"column":67}}]},"30":{"type":"branch","line":163,"loc":{"start":{"line":163,"column":63},"end":{"line":163,"column":68}},"locations":[{"start":{"line":163,"column":63},"end":{"line":163,"column":68}}]},"31":{"type":"branch","line":164,"loc":{"start":{"line":164,"column":43},"end":{"line":165,"column":37}},"locations":[{"start":{"line":164,"column":43},"end":{"line":165,"column":37}}]},"32":{"type":"branch","line":165,"loc":{"start":{"line":165,"column":28},"end":{"line":166,"column":33}},"locations":[{"start":{"line":165,"column":28},"end":{"line":166,"column":33}}]},"33":{"type":"branch","line":229,"loc":{"start":{"line":229,"column":11},"end":{"line":229,"column":30}},"locations":[{"start":{"line":229,"column":11},"end":{"line":229,"column":30}}]},"34":{"type":"branch","line":229,"loc":{"start":{"line":229,"column":24},"end":{"line":229,"column":39}},"locations":[{"start":{"line":229,"column":24},"end":{"line":229,"column":39}}]},"35":{"type":"branch","line":159,"loc":{"start":{"line":159,"column":6},"end":{"line":159,"column":47}},"locations":[{"start":{"line":159,"column":6},"end":{"line":159,"column":47}}]},"36":{"type":"branch","line":168,"loc":{"start":{"line":168,"column":27},"end":{"line":225,"column":5}},"locations":[{"start":{"line":168,"column":27},"end":{"line":225,"column":5}}]},"37":{"type":"branch","line":173,"loc":{"start":{"line":173,"column":23},"end":{"line":173,"column":29}},"locations":[{"start":{"line":173,"column":23},"end":{"line":173,"column":29}}]},"38":{"type":"branch","line":178,"loc":{"start":{"line":178,"column":36},"end":{"line":224,"column":7}},"locations":[{"start":{"line":178,"column":36},"end":{"line":224,"column":7}}]},"39":{"type":"branch","line":179,"loc":{"start":{"line":179,"column":37},"end":{"line":213,"column":19}},"locations":[{"start":{"line":179,"column":37},"end":{"line":213,"column":19}}]},"40":{"type":"branch","line":182,"loc":{"start":{"line":182,"column":37},"end":{"line":182,"column":45}},"locations":[{"start":{"line":182,"column":37},"end":{"line":182,"column":45}}]},"41":{"type":"branch","line":185,"loc":{"start":{"line":185,"column":33},"end":{"line":185,"column":41}},"locations":[{"start":{"line":185,"column":33},"end":{"line":185,"column":41}}]},"42":{"type":"branch","line":187,"loc":{"start":{"line":187,"column":27},"end":{"line":193,"column":11}},"locations":[{"start":{"line":187,"column":27},"end":{"line":193,"column":11}}]},"43":{"type":"branch","line":189,"loc":{"start":{"line":189,"column":42},"end":{"line":191,"column":13}},"locations":[{"start":{"line":189,"column":42},"end":{"line":191,"column":13}}]},"44":{"type":"branch","line":196,"loc":{"start":{"line":196,"column":23},"end":{"line":196,"column":58}},"locations":[{"start":{"line":196,"column":23},"end":{"line":196,"column":58}}]},"45":{"type":"branch","line":196,"loc":{"start":{"line":196,"column":58},"end":{"line":212,"column":11}},"locations":[{"start":{"line":196,"column":58},"end":{"line":212,"column":11}}]},"46":{"type":"branch","line":197,"loc":{"start":{"line":197,"column":34},"end":{"line":209,"column":19}},"locations":[{"start":{"line":197,"column":34},"end":{"line":209,"column":19}}]},"47":{"type":"branch","line":198,"loc":{"start":{"line":198,"column":66},"end":{"line":208,"column":15}},"locations":[{"start":{"line":198,"column":66},"end":{"line":208,"column":15}}]},"48":{"type":"branch","line":199,"loc":{"start":{"line":199,"column":41},"end":{"line":199,"column":82}},"locations":[{"start":{"line":199,"column":41},"end":{"line":199,"column":82}}]},"49":{"type":"branch","line":199,"loc":{"start":{"line":199,"column":82},"end":{"line":201,"column":17}},"locations":[{"start":{"line":199,"column":82},"end":{"line":201,"column":17}}]},"50":{"type":"branch","line":202,"loc":{"start":{"line":202,"column":58},"end":{"line":207,"column":17}},"locations":[{"start":{"line":202,"column":58},"end":{"line":207,"column":17}}]},"51":{"type":"branch","line":209,"loc":{"start":{"line":209,"column":12},"end":{"line":211,"column":13}},"locations":[{"start":{"line":209,"column":12},"end":{"line":211,"column":13}}]},"52":{"type":"branch","line":213,"loc":{"start":{"line":213,"column":8},"end":{"line":223,"column":9}},"locations":[{"start":{"line":213,"column":8},"end":{"line":223,"column":9}}]},"53":{"type":"branch","line":213,"loc":{"start":{"line":213,"column":54},"end":{"line":218,"column":19}},"locations":[{"start":{"line":213,"column":54},"end":{"line":218,"column":19}}]},"54":{"type":"branch","line":176,"loc":{"start":{"line":176,"column":32},"end":{"line":176,"column":67}},"locations":[{"start":{"line":176,"column":32},"end":{"line":176,"column":67}}]}},"b":{"0":[55],"1":[55],"2":[40],"3":[54],"4":[54],"5":[1],"6":[54],"7":[54],"8":[55],"9":[55],"10":[53],"11":[2],"12":[55],"13":[52],"14":[2],"15":[0],"16":[53],"17":[1],"18":[52],"19":[1],"20":[51],"21":[1],"22":[15],"23":[2],"24":[1],"25":[55],"26":[58],"27":[3],"28":[0],"29":[1],"30":[54],"31":[1],"32":[54],"33":[4],"34":[51],"35":[58],"36":[126],"37":[0],"38":[252],"39":[251],"40":[0],"41":[0],"42":[11],"43":[5],"44":[65],"45":[65],"46":[5],"47":[10],"48":[8],"49":[8],"50":[2],"51":[60],"52":[1],"53":[0],"54":[859]},"fnMap":{"0":{"name":"<instance_members_initializer>","decl":{"start":{"line":27,"column":51},"end":{"line":231,"column":1}},"loc":{"start":{"line":27,"column":51},"end":{"line":231,"column":1}},"line":27},"1":{"name":"BinaryTransferLink","decl":{"start":{"line":35,"column":2},"end":{"line":49,"column":3}},"loc":{"start":{"line":35,"column":2},"end":{"line":49,"column":3}},"line":35},"2":{"name":"BinaryTransferLink.headersFn","decl":{"start":{"line":47,"column":23},"end":{"line":47,"column":30}},"loc":{"start":{"line":47,"column":23},"end":{"line":47,"column":30}},"line":47},"3":{"name":"request","decl":{"start":{"line":51,"column":2},"end":{"line":57,"column":3}},"loc":{"start":{"line":51,"column":2},"end":{"line":57,"column":3}},"line":51},"4":{"name":"execute","decl":{"start":{"line":59,"column":2},"end":{"line":140,"column":3}},"loc":{"start":{"line":59,"column":2},"end":{"line":140,"column":3}},"line":59},"5":{"name":"extractAliases","decl":{"start":{"line":147,"column":10},"end":{"line":230,"column":3}},"loc":{"start":{"line":147,"column":10},"end":{"line":230,"column":3}},"line":147},"6":{"name":"walkSelections","decl":{"start":{"line":168,"column":27},"end":{"line":225,"column":5}},"loc":{"start":{"line":168,"column":27},"end":{"line":225,"column":5}},"line":168}},"f":{"0":55,"1":55,"2":54,"3":55,"4":55,"5":55,"6":126}}
,"/Users/ludwigschubert/apollo-binary-transfer/src/codegen/plugin.ts": {"path":"/Users/ludwigschubert/apollo-binary-transfer/src/codegen/plugin.ts","all":false,"statementMap":{"0":{"start":{"line":1,"column":0},"end":{"line":1,"column":87}},"3":{"start":{"line":4,"column":0},"end":{"line":4,"column":51}},"4":{"start":{"line":5,"column":0},"end":{"line":5,"column":43}},"5":{"start":{"line":6,"column":0},"end":{"line":6,"column":42}},"6":{"start":{"line":7,"column":0},"end":{"line":7,"column":1}},"8":{"start":{"line":9,"column":0},"end":{"line":9,"column":89}},"9":{"start":{"line":10,"column":0},"end":{"line":10,"column":38}},"10":{"start":{"line":11,"column":0},"end":{"line":11,"column":20}},"11":{"start":{"line":12,"column":0},"end":{"line":12,"column":86}},"12":{"start":{"line":13,"column":0},"end":{"line":13,"column":5}},"13":{"start":{"line":14,"column":0},"end":{"line":14,"column":3}},"14":{"start":{"line":15,"column":0},"end":{"line":15,"column":1}}},"s":{"0":1,"3":1,"4":2,"5":2,"6":2,"8":1,"9":2,"10":1,"11":1,"12":1,"13":1,"14":2},"branchMap":{"0":{"type":"branch","line":4,"loc":{"start":{"line":4,"column":38},"end":{"line":7,"column":1}},"locations":[{"start":{"line":4,"column":38},"end":{"line":7,"column":1}}]},"1":{"type":"branch","line":9,"loc":{"start":{"line":9,"column":42},"end":{"line":15,"column":1}},"locations":[{"start":{"line":9,"column":42},"end":{"line":15,"column":1}}]},"2":{"type":"branch","line":10,"loc":{"start":{"line":10,"column":37},"end":{"line":14,"column":3}},"locations":[{"start":{"line":10,"column":37},"end":{"line":14,"column":3}}]}},"b":{"0":[2],"1":[2],"2":[1]},"fnMap":{"0":{"name":"plugin","decl":{"start":{"line":4,"column":38},"end":{"line":7,"column":1}},"loc":{"start":{"line":4,"column":38},"end":{"line":7,"column":1}},"line":4},"1":{"name":"validate","decl":{"start":{"line":9,"column":42},"end":{"line":15,"column":1}},"loc":{"start":{"line":9,"column":42},"end":{"line":15,"column":1}},"line":9}},"f":{"0":2,"1":2}}
,"/Users/ludwigschubert/apollo-binary-transfer/src/server/plugin.ts": {"path":"/Users/ludwigschubert/apollo-binary-transfer/src/server/plugin.ts","all":false,"statementMap":{"0":{"start":{"line":1,"column":0},"end":{"line":1,"column":13}},"31":{"start":{"line":32,"column":0},"end":{"line":32,"column":37}},"32":{"start":{"line":33,"column":0},"end":{"line":33,"column":38}},"33":{"start":{"line":34,"column":0},"end":{"line":34,"column":36}},"34":{"start":{"line":35,"column":0},"end":{"line":35,"column":30}},"35":{"start":{"line":36,"column":0},"end":{"line":36,"column":55}},"36":{"start":{"line":37,"column":0},"end":{"line":37,"column":25}},"38":{"start":{"line":39,"column":0},"end":{"line":39,"column":10}},"39":{"start":{"line":40,"column":0},"end":{"line":40,"column":39}},"40":{"start":{"line":41,"column":0},"end":{"line":41,"column":48}},"42":{"start":{"line":43,"column":0},"end":{"line":43,"column":51}},"43":{"start":{"line":44,"column":0},"end":{"line":44,"column":21}},"44":{"start":{"line":45,"column":0},"end":{"line":45,"column":62}},"45":{"start":{"line":46,"column":0},"end":{"line":46,"column":76}},"46":{"start":{"line":47,"column":0},"end":{"line":47,"column":45}},"48":{"start":{"line":49,"column":0},"end":{"line":49,"column":9}},"49":{"start":{"line":50,"column":0},"end":{"line":50,"column":7}},"51":{"start":{"line":52,"column":0},"end":{"line":52,"column":14}},"52":{"start":{"line":53,"column":0},"end":{"line":53,"column":51}},"53":{"start":{"line":54,"column":0},"end":{"line":54,"column":55}},"54":{"start":{"line":55,"column":0},"end":{"line":55,"column":10}},"55":{"start":{"line":56,"column":0},"end":{"line":56,"column":33}},"56":{"start":{"line":57,"column":0},"end":{"line":57,"column":7}},"57":{"start":{"line":58,"column":0},"end":{"line":58,"column":6}},"59":{"start":{"line":60,"column":0},"end":{"line":60,"column":40}},"60":{"start":{"line":61,"column":0},"end":{"line":61,"column":56}},"61":{"start":{"line":62,"column":0},"end":{"line":62,"column":51}},"62":{"start":{"line":63,"column":0},"end":{"line":63,"column":28}},"63":{"start":{"line":64,"column":0},"end":{"line":64,"column":40}},"64":{"start":{"line":65,"column":0},"end":{"line":65,"column":55}},"65":{"start":{"line":66,"column":0},"end":{"line":66,"column":22}},"66":{"start":{"line":67,"column":0},"end":{"line":67,"column":40}},"68":{"start":{"line":69,"column":0},"end":{"line":69,"column":50}},"69":{"start":{"line":70,"column":0},"end":{"line":70,"column":42}},"71":{"start":{"line":72,"column":0},"end":{"line":72,"column":28}},"72":{"start":{"line":73,"column":0},"end":{"line":73,"column":13}},"75":{"start":{"line":76,"column":0},"end":{"line":76,"column":58}},"76":{"start":{"line":77,"column":0},"end":{"line":77,"column":55}},"78":{"start":{"line":79,"column":0},"end":{"line":79,"column":52}},"79":{"start":{"line":80,"column":0},"end":{"line":80,"column":57}},"80":{"start":{"line":81,"column":0},"end":{"line":81,"column":44}},"81":{"start":{"line":82,"column":0},"end":{"line":82,"column":37}},"82":{"start":{"line":83,"column":0},"end":{"line":83,"column":34}},"85":{"start":{"line":86,"column":0},"end":{"line":86,"column":77}},"86":{"start":{"line":87,"column":0},"end":{"line":87,"column":36}},"89":{"start":{"line":90,"column":0},"end":{"line":90,"column":26}},"90":{"start":{"line":91,"column":0},"end":{"line":91,"column":41}},"91":{"start":{"line":92,"column":0},"end":{"line":92,"column":11}},"92":{"start":{"line":93,"column":0},"end":{"line":93,"column":23}},"93":{"start":{"line":94,"column":0},"end":{"line":94,"column":88}},"94":{"start":{"line":95,"column":0},"end":{"line":95,"column":9}},"95":{"start":{"line":96,"column":0},"end":{"line":96,"column":7}},"97":{"start":{"line":98,"column":0},"end":{"line":98,"column":14}},"98":{"start":{"line":99,"column":0},"end":{"line":99,"column":46}},"99":{"start":{"line":100,"column":0},"end":{"line":100,"column":40}},"100":{"start":{"line":101,"column":0},"end":{"line":101,"column":60}},"101":{"start":{"line":102,"column":0},"end":{"line":102,"column":65}},"103":{"start":{"line":104,"column":0},"end":{"line":104,"column":14}},"104":{"start":{"line":105,"column":0},"end":{"line":105,"column":35}},"105":{"start":{"line":106,"column":0},"end":{"line":106,"column":29}},"106":{"start":{"line":107,"column":0},"end":{"line":107,"column":28}},"107":{"start":{"line":108,"column":0},"end":{"line":108,"column":43}},"108":{"start":{"line":109,"column":0},"end":{"line":109,"column":18}},"110":{"start":{"line":111,"column":0},"end":{"line":111,"column":61}},"111":{"start":{"line":112,"column":0},"end":{"line":112,"column":27}},"113":{"start":{"line":114,"column":0},"end":{"line":114,"column":15}},"114":{"start":{"line":115,"column":0},"end":{"line":115,"column":86}},"116":{"start":{"line":117,"column":0},"end":{"line":117,"column":33}},"117":{"start":{"line":118,"column":0},"end":{"line":118,"column":52}},"118":{"start":{"line":119,"column":0},"end":{"line":119,"column":83}},"119":{"start":{"line":120,"column":0},"end":{"line":120,"column":57}},"120":{"start":{"line":121,"column":0},"end":{"line":121,"column":13}},"122":{"start":{"line":123,"column":0},"end":{"line":123,"column":60}},"125":{"start":{"line":126,"column":0},"end":{"line":126,"column":50}},"126":{"start":{"line":127,"column":0},"end":{"line":127,"column":25}},"127":{"start":{"line":128,"column":0},"end":{"line":128,"column":89}},"128":{"start":{"line":129,"column":0},"end":{"line":129,"column":11}},"129":{"start":{"line":130,"column":0},"end":{"line":130,"column":9}},"130":{"start":{"line":131,"column":0},"end":{"line":131,"column":53}},"131":{"start":{"line":132,"column":0},"end":{"line":132,"column":5}},"132":{"start":{"line":133,"column":0},"end":{"line":133,"column":3}},"133":{"start":{"line":134,"column":0},"end":{"line":134,"column":1}},"135":{"start":{"line":136,"column":0},"end":{"line":136,"column":43}},"136":{"start":{"line":137,"column":0},"end":{"line":137,"column":45}},"139":{"start":{"line":140,"column":0},"end":{"line":140,"column":33}},"140":{"start":{"line":141,"column":0},"end":{"line":141,"column":37}},"141":{"start":{"line":142,"column":0},"end":{"line":142,"column":81}},"142":{"start":{"line":143,"column":0},"end":{"line":143,"column":23}},"143":{"start":{"line":144,"column":0},"end":{"line":144,"column":44}},"144":{"start":{"line":145,"column":0},"end":{"line":145,"column":44}},"145":{"start":{"line":146,"column":0},"end":{"line":146,"column":63}},"146":{"start":{"line":147,"column":0},"end":{"line":147,"column":7}},"147":{"start":{"line":148,"column":0},"end":{"line":148,"column":42}},"148":{"start":{"line":149,"column":0},"end":{"line":149,"column":5}},"151":{"start":{"line":152,"column":0},"end":{"line":152,"column":48}},"152":{"start":{"line":153,"column":0},"end":{"line":153,"column":35}},"153":{"start":{"line":154,"column":0},"end":{"line":154,"column":33}},"154":{"start":{"line":155,"column":0},"end":{"line":155,"column":59}},"155":{"start":{"line":156,"column":0},"end":{"line":156,"column":27}},"156":{"start":{"line":157,"column":0},"end":{"line":157,"column":45}},"158":{"start":{"line":159,"column":0},"end":{"line":159,"column":41}},"159":{"start":{"line":160,"column":0},"end":{"line":160,"column":14}},"160":{"start":{"line":161,"column":0},"end":{"line":161,"column":8}},"161":{"start":{"line":162,"column":0},"end":{"line":162,"column":12}},"162":{"start":{"line":163,"column":0},"end":{"line":163,"column":12}},"163":{"start":{"line":164,"column":0},"end":{"line":164,"column":5}},"164":{"start":{"line":165,"column":0},"end":{"line":165,"column":3}},"165":{"start":{"line":166,"column":0},"end":{"line":166,"column":1}}},"s":{"0":1,"31":1,"32":6,"33":6,"34":6,"35":6,"36":6,"38":6,"39":6,"40":6,"42":6,"43":1,"44":1,"45":1,"46":1,"48":1,"49":1,"51":6,"52":6,"53":6,"54":6,"55":6,"56":6,"57":6,"59":6,"60":55,"61":55,"62":55,"63":55,"64":55,"65":55,"66":55,"68":55,"69":55,"71":55,"72":47,"75":47,"76":47,"78":47,"79":47,"80":47,"81":1,"82":45,"85":47,"86":47,"89":47,"90":44,"91":44,"92":47,"93":1,"94":1,"95":47,"97":55,"98":55,"99":55,"100":55,"101":55,"103":55,"104":55,"105":45,"106":44,"107":44,"108":55,"110":44,"111":44,"113":44,"114":44,"116":55,"117":0,"118":0,"119":0,"120":0,"122":44,"125":44,"126":51,"127":0,"128":0,"129":55,"130":55,"131":55,"132":6,"133":6,"135":1,"136":4,"139":48,"140":48,"141":48,"142":48,"143":43,"144":43,"145":43,"146":43,"147":5,"148":48,"151":48,"152":48,"153":44,"154":44,"155":44,"156":44,"158":44,"159":44,"160":44,"161":48,"162":4,"163":4,"164":48,"165":4},"branchMap":{"0":{"type":"branch","line":32,"loc":{"start":{"line":32,"column":7},"end":{"line":134,"column":1}},"locations":[{"start":{"line":32,"column":7},"end":{"line":134,"column":1}}]},"1":{"type":"branch","line":40,"loc":{"start":{"line":40,"column":4},"end":{"line":58,"column":6}},"locations":[{"start":{"line":40,"column":4},"end":{"line":58,"column":6}}]},"2":{"type":"branch","line":43,"loc":{"start":{"line":43,"column":50},"end":{"line":50,"column":7}},"locations":[{"start":{"line":43,"column":50},"end":{"line":50,"column":7}}]},"3":{"type":"branch","line":53,"loc":{"start":{"line":53,"column":8},"end":{"line":55,"column":10}},"locations":[{"start":{"line":53,"column":8},"end":{"line":55,"column":10}}]},"4":{"type":"branch","line":56,"loc":{"start":{"line":56,"column":8},"end":{"line":56,"column":33}},"locations":[{"start":{"line":56,"column":8},"end":{"line":56,"column":33}}]},"5":{"type":"branch","line":60,"loc":{"start":{"line":60,"column":4},"end":{"line":132,"column":5}},"locations":[{"start":{"line":60,"column":4},"end":{"line":132,"column":5}}]},"6":{"type":"branch","line":61,"loc":{"start":{"line":61,"column":46},"end":{"line":61,"column":56}},"locations":[{"start":{"line":61,"column":46},"end":{"line":61,"column":56}}]},"7":{"type":"branch","line":64,"loc":{"start":{"line":64,"column":30},"end":{"line":64,"column":40}},"locations":[{"start":{"line":64,"column":30},"end":{"line":64,"column":40}}]},"8":{"type":"branch","line":67,"loc":{"start":{"line":67,"column":30},"end":{"line":67,"column":40}},"locations":[{"start":{"line":67,"column":30},"end":{"line":67,"column":40}}]},"9":{"type":"branch","line":72,"loc":{"start":{"line":72,"column":27},"end":{"line":96,"column":7}},"locations":[{"start":{"line":72,"column":27},"end":{"line":96,"column":7}}]},"10":{"type":"branch","line":80,"loc":{"start":{"line":80,"column":41},"end":{"line":80,"column":57}},"locations":[{"start":{"line":80,"column":41},"end":{"line":80,"column":57}}]},"11":{"type":"branch","line":81,"loc":{"start":{"line":81,"column":43},"end":{"line":82,"column":37}},"locations":[{"start":{"line":81,"column":43},"end":{"line":82,"column":37}}]},"12":{"type":"branch","line":82,"loc":{"start":{"line":82,"column":29},"end":{"line":83,"column":34}},"locations":[{"start":{"line":82,"column":29},"end":{"line":83,"column":34}}]},"13":{"type":"branch","line":90,"loc":{"start":{"line":90,"column":25},"end":{"line":92,"column":11}},"locations":[{"start":{"line":90,"column":25},"end":{"line":92,"column":11}}]},"14":{"type":"branch","line":93,"loc":{"start":{"line":93,"column":8},"end":{"line":95,"column":9}},"locations":[{"start":{"line":93,"column":8},"end":{"line":95,"column":9}}]},"15":{"type":"branch","line":99,"loc":{"start":{"line":99,"column":8},"end":{"line":130,"column":9}},"locations":[{"start":{"line":99,"column":8},"end":{"line":130,"column":9}}]},"16":{"type":"branch","line":105,"loc":{"start":{"line":105,"column":13},"end":{"line":106,"column":29}},"locations":[{"start":{"line":105,"column":13},"end":{"line":106,"column":29}}]},"17":{"type":"branch","line":106,"loc":{"start":{"line":106,"column":13},"end":{"line":107,"column":28}},"locations":[{"start":{"line":106,"column":13},"end":{"line":107,"column":28}}]},"18":{"type":"branch","line":107,"loc":{"start":{"line":107,"column":13},"end":{"line":108,"column":43}},"locations":[{"start":{"line":107,"column":13},"end":{"line":108,"column":43}}]},"19":{"type":"branch","line":109,"loc":{"start":{"line":109,"column":12},"end":{"line":109,"column":18}},"locations":[{"start":{"line":109,"column":12},"end":{"line":109,"column":18}}]},"20":{"type":"branch","line":109,"loc":{"start":{"line":109,"column":12},"end":{"line":117,"column":32}},"locations":[{"start":{"line":109,"column":12},"end":{"line":117,"column":32}}]},"21":{"type":"branch","line":109,"loc":{"start":{"line":109,"column":12},"end":{"line":112,"column":27}},"locations":[{"start":{"line":109,"column":12},"end":{"line":112,"column":27}}]},"22":{"type":"branch","line":112,"loc":{"start":{"line":112,"column":21},"end":{"line":112,"column":27}},"locations":[{"start":{"line":112,"column":21},"end":{"line":112,"column":27}}]},"23":{"type":"branch","line":112,"loc":{"start":{"line":112,"column":21},"end":{"line":117,"column":24}},"locations":[{"start":{"line":112,"column":21},"end":{"line":117,"column":24}}]},"24":{"type":"branch","line":117,"loc":{"start":{"line":117,"column":16},"end":{"line":117,"column":32}},"locations":[{"start":{"line":117,"column":16},"end":{"line":117,"column":32}}]},"25":{"type":"branch","line":117,"loc":{"start":{"line":117,"column":32},"end":{"line":129,"column":11}},"locations":[{"start":{"line":117,"column":32},"end":{"line":129,"column":11}}]},"26":{"type":"branch","line":117,"loc":{"start":{"line":117,"column":32},"end":{"line":121,"column":13}},"locations":[{"start":{"line":117,"column":32},"end":{"line":121,"column":13}}]},"27":{"type":"branch","line":121,"loc":{"start":{"line":121,"column":12},"end":{"line":127,"column":19}},"locations":[{"start":{"line":121,"column":12},"end":{"line":127,"column":19}}]},"28":{"type":"branch","line":127,"loc":{"start":{"line":127,"column":10},"end":{"line":129,"column":11}},"locations":[{"start":{"line":127,"column":10},"end":{"line":129,"column":11}}]},"29":{"type":"branch","line":136,"loc":{"start":{"line":136,"column":7},"end":{"line":166,"column":1}},"locations":[{"start":{"line":136,"column":7},"end":{"line":166,"column":1}}]},"30":{"type":"branch","line":137,"loc":{"start":{"line":137,"column":9},"end":{"line":165,"column":3}},"locations":[{"start":{"line":137,"column":9},"end":{"line":165,"column":3}}]},"31":{"type":"branch","line":152,"loc":{"start":{"line":152,"column":41},"end":{"line":152,"column":48}},"locations":[{"start":{"line":152,"column":41},"end":{"line":152,"column":48}}]},"32":{"type":"branch","line":153,"loc":{"start":{"line":153,"column":34},"end":{"line":162,"column":11}},"locations":[{"start":{"line":153,"column":34},"end":{"line":162,"column":11}}]},"33":{"type":"branch","line":162,"loc":{"start":{"line":162,"column":4},"end":{"line":164,"column":5}},"locations":[{"start":{"line":162,"column":4},"end":{"line":164,"column":5}}]},"34":{"type":"branch","line":141,"loc":{"start":{"line":141,"column":15},"end":{"line":149,"column":5}},"locations":[{"start":{"line":141,"column":15},"end":{"line":149,"column":5}}]},"35":{"type":"branch","line":143,"loc":{"start":{"line":143,"column":22},"end":{"line":147,"column":7}},"locations":[{"start":{"line":143,"column":22},"end":{"line":147,"column":7}}]},"36":{"type":"branch","line":147,"loc":{"start":{"line":147,"column":6},"end":{"line":148,"column":42}},"locations":[{"start":{"line":147,"column":6},"end":{"line":148,"column":42}}]},"37":{"type":"branch","line":155,"loc":{"start":{"line":155,"column":21},"end":{"line":155,"column":58}},"locations":[{"start":{"line":155,"column":21},"end":{"line":155,"column":58}}]},"38":{"type":"branch","line":156,"loc":{"start":{"line":156,"column":20},"end":{"line":161,"column":7}},"locations":[{"start":{"line":156,"column":20},"end":{"line":161,"column":7}}]}},"b":{"0":[6],"1":[6],"2":[1],"3":[6],"4":[6],"5":[55],"6":[0],"7":[0],"8":[0],"9":[47],"10":[0],"11":[1],"12":[45],"13":[44],"14":[1],"15":[55],"16":[45],"17":[44],"18":[44],"19":[11],"20":[51],"21":[44],"22":[0],"23":[44],"24":[0],"25":[51],"26":[0],"27":[44],"28":[0],"29":[4],"30":[48],"31":[0],"32":[44],"33":[4],"34":[48],"35":[43],"36":[5],"37":[44],"38":[44]},"fnMap":{"0":{"name":"BinaryTransferPlugin","decl":{"start":{"line":32,"column":7},"end":{"line":134,"column":1}},"loc":{"start":{"line":32,"column":7},"end":{"line":134,"column":1}},"line":32},"1":{"name":"serverWillStart","decl":{"start":{"line":40,"column":4},"end":{"line":58,"column":6}},"loc":{"start":{"line":40,"column":4},"end":{"line":58,"column":6}},"line":40},"2":{"name":"schemaDidLoadOrUpdate","decl":{"start":{"line":53,"column":8},"end":{"line":55,"column":10}},"loc":{"start":{"line":53,"column":8},"end":{"line":55,"column":10}},"line":53},"3":{"name":"serverWillStop","decl":{"start":{"line":56,"column":8},"end":{"line":56,"column":33}},"loc":{"start":{"line":56,"column":8},"end":{"line":56,"column":33}},"line":56},"4":{"name":"requestDidStart","decl":{"start":{"line":60,"column":4},"end":{"line":132,"column":5}},"loc":{"start":{"line":60,"column":4},"end":{"line":132,"column":5}},"line":60},"5":{"name":"willSendResponse","decl":{"start":{"line":99,"column":8},"end":{"line":130,"column":9}},"loc":{"start":{"line":99,"column":8},"end":{"line":130,"column":9}},"line":99},"6":{"name":"expressBinaryMiddleware","decl":{"start":{"line":136,"column":7},"end":{"line":166,"column":1}},"loc":{"start":{"line":136,"column":7},"end":{"line":166,"column":1}},"line":136},"7":{"name":"res.send","decl":{"start":{"line":141,"column":15},"end":{"line":149,"column":5}},"loc":{"start":{"line":141,"column":15},"end":{"line":149,"column":5}},"line":141}},"f":{"0":6,"1":6,"2":6,"3":6,"4":55,"5":55,"6":4,"7":48}}
,"/Users/ludwigschubert/apollo-binary-transfer/src/shared/constants.ts": {"path":"/Users/ludwigschubert/apollo-binary-transfer/src/shared/constants.ts","all":false,"statementMap":{"0":{"start":{"line":1,"column":0},"end":{"line":1,"column":55}},"1":{"start":{"line":2,"column":0},"end":{"line":2,"column":57}},"2":{"start":{"line":3,"column":0},"end":{"line":3,"column":47}},"3":{"start":{"line":4,"column":0},"end":{"line":4,"column":55}},"4":{"start":{"line":5,"column":0},"end":{"line":5,"column":29}},"5":{"start":{"line":6,"column":0},"end":{"line":6,"column":42}},"6":{"start":{"line":7,"column":0},"end":{"line":7,"column":29}}},"s":{"0":1,"1":1,"2":1,"3":1,"4":1,"5":1,"6":1},"branchMap":{},"b":{},"fnMap":{},"f":{}}
,"/Users/ludwigschubert/apollo-binary-transfer/src/shared/manifest.ts": {"path":"/Users/ludwigschubert/apollo-binary-transfer/src/shared/manifest.ts","all":false,"statementMap":{"0":{"start":{"line":1,"column":0},"end":{"line":1,"column":8}},"86":{"start":{"line":87,"column":0},"end":{"line":87,"column":81}},"87":{"start":{"line":88,"column":0},"end":{"line":88,"column":46}},"88":{"start":{"line":89,"column":0},"end":{"line":89,"column":44}},"89":{"start":{"line":90,"column":0},"end":{"line":90,"column":30}},"90":{"start":{"line":91,"column":0},"end":{"line":91,"column":15}},"91":{"start":{"line":92,"column":0},"end":{"line":92,"column":42}},"92":{"start":{"line":93,"column":0},"end":{"line":93,"column":14}},"93":{"start":{"line":94,"column":0},"end":{"line":94,"column":15}},"94":{"start":{"line":95,"column":0},"end":{"line":95,"column":12}},"95":{"start":{"line":96,"column":0},"end":{"line":96,"column":51}},"96":{"start":{"line":97,"column":0},"end":{"line":97,"column":5}},"97":{"start":{"line":98,"column":0},"end":{"line":98,"column":3}},"99":{"start":{"line":100,"column":0},"end":{"line":100,"column":47}},"100":{"start":{"line":101,"column":0},"end":{"line":101,"column":21}},"101":{"start":{"line":102,"column":0},"end":{"line":102,"column":47}},"102":{"start":{"line":103,"column":0},"end":{"line":103,"column":3}},"104":{"start":{"line":105,"column":0},"end":{"line":105,"column":37}},"106":{"start":{"line":107,"column":0},"end":{"line":107,"column":59}},"107":{"start":{"line":108,"column":0},"end":{"line":108,"column":43}},"109":{"start":{"line":110,"column":0},"end":{"line":110,"column":54}},"110":{"start":{"line":111,"column":0},"end":{"line":111,"column":52}},"111":{"start":{"line":112,"column":0},"end":{"line":112,"column":53}},"113":{"start":{"line":114,"column":0},"end":{"line":114,"column":34}},"114":{"start":{"line":115,"column":0},"end":{"line":115,"column":62}},"115":{"start":{"line":116,"column":0},"end":{"line":116,"column":7}},"116":{"start":{"line":117,"column":0},"end":{"line":117,"column":5}},"118":{"start":{"line":119,"column":0},"end":{"line":119,"column":28}},"119":{"start":{"line":120,"column":0},"end":{"line":120,"column":49}},"120":{"start":{"line":121,"column":0},"end":{"line":121,"column":25}},"121":{"start":{"line":122,"column":0},"end":{"line":122,"column":43}},"122":{"start":{"line":123,"column":0},"end":{"line":123,"column":5}},"123":{"start":{"line":124,"column":0},"end":{"line":124,"column":3}},"125":{"start":{"line":126,"column":0},"end":{"line":126,"column":17}},"126":{"start":{"line":127,"column":0},"end":{"line":127,"column":1}},"128":{"start":{"line":129,"column":0},"end":{"line":129,"column":75}},"129":{"start":{"line":130,"column":0},"end":{"line":130,"column":44}},"130":{"start":{"line":131,"column":0},"end":{"line":131,"column":46}},"131":{"start":{"line":132,"column":0},"end":{"line":132,"column":43}},"133":{"start":{"line":134,"column":0},"end":{"line":134,"column":20}},"134":{"start":{"line":135,"column":0},"end":{"line":135,"column":23}},"135":{"start":{"line":136,"column":0},"end":{"line":136,"column":28}},"137":{"start":{"line":138,"column":0},"end":{"line":138,"column":33}},"138":{"start":{"line":139,"column":0},"end":{"line":139,"column":22}},"139":{"start":{"line":140,"column":0},"end":{"line":140,"column":32}},"140":{"start":{"line":141,"column":0},"end":{"line":141,"column":3}},"141":{"start":{"line":142,"column":0},"end":{"line":142,"column":30}},"142":{"start":{"line":143,"column":0},"end":{"line":143,"column":17}},"143":{"start":{"line":144,"column":0},"end":{"line":144,"column":3}},"145":{"start":{"line":146,"column":0},"end":{"line":146,"column":33}},"146":{"start":{"line":147,"column":0},"end":{"line":147,"column":21}},"147":{"start":{"line":148,"column":0},"end":{"line":148,"column":25}},"148":{"start":{"line":149,"column":0},"end":{"line":149,"column":27}},"149":{"start":{"line":150,"column":0},"end":{"line":150,"column":11}},"150":{"start":{"line":151,"column":0},"end":{"line":151,"column":15}},"151":{"start":{"line":152,"column":0},"end":{"line":152,"column":18}},"152":{"start":{"line":153,"column":0},"end":{"line":153,"column":3}},"154":{"start":{"line":155,"column":0},"end":{"line":155,"column":30}},"155":{"start":{"line":156,"column":0},"end":{"line":156,"column":28}},"156":{"start":{"line":157,"column":0},"end":{"line":157,"column":14}},"157":{"start":{"line":158,"column":0},"end":{"line":158,"column":51}},"158":{"start":{"line":159,"column":0},"end":{"line":159,"column":20}},"159":{"start":{"line":160,"column":0},"end":{"line":160,"column":23}},"160":{"start":{"line":161,"column":0},"end":{"line":161,"column":34}},"161":{"start":{"line":162,"column":0},"end":{"line":162,"column":85}},"162":{"start":{"line":163,"column":0},"end":{"line":163,"column":9}},"163":{"start":{"line":164,"column":0},"end":{"line":164,"column":3}},"165":{"start":{"line":166,"column":0},"end":{"line":166,"column":15}},"166":{"start":{"line":167,"column":0},"end":{"line":167,"column":1}}},"s":{"0":1,"86":1,"87":27,"88":27,"89":27,"90":27,"91":27,"92":27,"93":27,"94":27,"95":27,"96":27,"97":27,"99":27,"100":27,"101":16,"102":16,"104":27,"106":27,"107":454,"109":454,"110":96,"111":96,"113":96,"114":96,"115":96,"116":96,"118":454,"119":16,"120":16,"121":16,"122":16,"123":454,"125":27,"126":27,"128":473,"129":473,"130":473,"131":473,"133":473,"134":473,"135":473,"137":473,"138":356,"139":356,"140":356,"141":473,"142":96,"143":96,"145":473,"146":473,"147":473,"148":473,"149":473,"150":473,"151":473,"152":473,"154":473,"155":144,"156":144,"157":144,"158":144,"159":176,"160":176,"161":176,"162":144,"163":144,"165":473,"166":473},"branchMap":{"0":{"type":"branch","line":87,"loc":{"start":{"line":87,"column":7},"end":{"line":127,"column":1}},"locations":[{"start":{"line":87,"column":7},"end":{"line":127,"column":1}}]},"1":{"type":"branch","line":96,"loc":{"start":{"line":96,"column":36},"end":{"line":96,"column":51}},"locations":[{"start":{"line":96,"column":36},"end":{"line":96,"column":51}}]},"2":{"type":"branch","line":101,"loc":{"start":{"line":101,"column":20},"end":{"line":103,"column":3}},"locations":[{"start":{"line":101,"column":20},"end":{"line":103,"column":3}}]},"3":{"type":"branch","line":107,"loc":{"start":{"line":107,"column":58},"end":{"line":124,"column":3}},"locations":[{"start":{"line":107,"column":58},"end":{"line":124,"column":3}}]},"4":{"type":"branch","line":108,"loc":{"start":{"line":108,"column":35},"end":{"line":108,"column":43}},"locations":[{"start":{"line":108,"column":35},"end":{"line":108,"column":43}}]},"5":{"type":"branch","line":108,"loc":{"start":{"line":108,"column":35},"end":{"line":110,"column":30}},"locations":[{"start":{"line":108,"column":35},"end":{"line":110,"column":30}}]},"6":{"type":"branch","line":110,"loc":{"start":{"line":110,"column":25},"end":{"line":110,"column":53}},"locations":[{"start":{"line":110,"column":25},"end":{"line":110,"column":53}}]},"7":{"type":"branch","line":110,"loc":{"start":{"line":110,"column":53},"end":{"line":117,"column":5}},"locations":[{"start":{"line":110,"column":53},"end":{"line":117,"column":5}}]},"8":{"type":"branch","line":117,"loc":{"start":{"line":117,"column":4},"end":{"line":119,"column":27}},"locations":[{"start":{"line":117,"column":4},"end":{"line":119,"column":27}}]},"9":{"type":"branch","line":119,"loc":{"start":{"line":119,"column":27},"end":{"line":123,"column":5}},"locations":[{"start":{"line":119,"column":27},"end":{"line":123,"column":5}}]},"10":{"type":"branch","line":112,"loc":{"start":{"line":112,"column":14},"end":{"line":112,"column":52}},"locations":[{"start":{"line":112,"column":14},"end":{"line":112,"column":52}}]},"11":{"type":"branch","line":115,"loc":{"start":{"line":115,"column":27},"end":{"line":115,"column":61}},"locations":[{"start":{"line":115,"column":27},"end":{"line":115,"column":61}}]},"12":{"type":"branch","line":121,"loc":{"start":{"line":121,"column":13},"end":{"line":121,"column":24}},"locations":[{"start":{"line":121,"column":13},"end":{"line":121,"column":24}}]},"13":{"type":"branch","line":122,"loc":{"start":{"line":122,"column":14},"end":{"line":122,"column":42}},"locations":[{"start":{"line":122,"column":14},"end":{"line":122,"column":42}}]},"14":{"type":"branch","line":129,"loc":{"start":{"line":129,"column":0},"end":{"line":167,"column":1}},"locations":[{"start":{"line":129,"column":0},"end":{"line":167,"column":1}}]},"15":{"type":"branch","line":138,"loc":{"start":{"line":138,"column":32},"end":{"line":141,"column":3}},"locations":[{"start":{"line":138,"column":32},"end":{"line":141,"column":3}}]},"16":{"type":"branch","line":142,"loc":{"start":{"line":142,"column":29},"end":{"line":144,"column":3}},"locations":[{"start":{"line":142,"column":29},"end":{"line":144,"column":3}}]},"17":{"type":"branch","line":155,"loc":{"start":{"line":155,"column":29},"end":{"line":164,"column":3}},"locations":[{"start":{"line":155,"column":29},"end":{"line":164,"column":3}}]},"18":{"type":"branch","line":158,"loc":{"start":{"line":158,"column":12},"end":{"line":158,"column":50}},"locations":[{"start":{"line":158,"column":12},"end":{"line":158,"column":50}}]},"19":{"type":"branch","line":159,"loc":{"start":{"line":159,"column":11},"end":{"line":163,"column":8}},"locations":[{"start":{"line":159,"column":11},"end":{"line":163,"column":8}}]},"20":{"type":"branch","line":162,"loc":{"start":{"line":162,"column":33},"end":{"line":162,"column":82}},"locations":[{"start":{"line":162,"column":33},"end":{"line":162,"column":82}}]}},"b":{"0":[27],"1":[0],"2":[16],"3":[454],"4":[216],"5":[238],"6":[142],"7":[96],"8":[238],"9":[16],"10":[377],"11":[473],"12":[32],"13":[16],"14":[473],"15":[356],"16":[96],"17":[144],"18":[32],"19":[176],"20":[0]},"fnMap":{"0":{"name":"generateManifest","decl":{"start":{"line":87,"column":7},"end":{"line":127,"column":1}},"loc":{"start":{"line":87,"column":7},"end":{"line":127,"column":1}},"line":87},"1":{"name":"buildManifestField","decl":{"start":{"line":129,"column":0},"end":{"line":167,"column":1}},"loc":{"start":{"line":129,"column":0},"end":{"line":167,"column":1}},"line":129}},"f":{"0":27,"1":473}}
,"/Users/ludwigschubert/apollo-binary-transfer/src/shared/response-decoder.ts": {"path":"/Users/ludwigschubert/apollo-binary-transfer/src/shared/response-decoder.ts","all":false,"statementMap":{"0":{"start":{"line":1,"column":0},"end":{"line":1,"column":58}},"12":{"start":{"line":13,"column":0},"end":{"line":13,"column":32}},"13":{"start":{"line":14,"column":0},"end":{"line":14,"column":16}},"14":{"start":{"line":15,"column":0},"end":{"line":15,"column":22}},"15":{"start":{"line":16,"column":0},"end":{"line":16,"column":23}},"16":{"start":{"line":17,"column":0},"end":{"line":17,"column":35}},"17":{"start":{"line":18,"column":0},"end":{"line":18,"column":20}},"18":{"start":{"line":19,"column":0},"end":{"line":19,"column":24}},"19":{"start":{"line":20,"column":0},"end":{"line":20,"column":16}},"20":{"start":{"line":21,"column":0},"end":{"line":21,"column":50}},"22":{"start":{"line":23,"column":0},"end":{"line":23,"column":17}},"23":{"start":{"line":24,"column":0},"end":{"line":24,"column":29}},"24":{"start":{"line":25,"column":0},"end":{"line":25,"column":20}},"25":{"start":{"line":26,"column":0},"end":{"line":26,"column":26}},"26":{"start":{"line":27,"column":0},"end":{"line":27,"column":41}},"27":{"start":{"line":28,"column":0},"end":{"line":28,"column":39}},"30":{"start":{"line":31,"column":0},"end":{"line":31,"column":29}},"32":{"start":{"line":33,"column":0},"end":{"line":33,"column":35}},"33":{"start":{"line":34,"column":0},"end":{"line":34,"column":37}},"34":{"start":{"line":35,"column":0},"end":{"line":35,"column":39}},"35":{"start":{"line":36,"column":0},"end":{"line":36,"column":67}},"36":{"start":{"line":37,"column":0},"end":{"line":37,"column":25}},"37":{"start":{"line":38,"column":0},"end":{"line":38,"column":39}},"38":{"start":{"line":39,"column":0},"end":{"line":39,"column":36}},"39":{"start":{"line":40,"column":0},"end":{"line":40,"column":43}},"40":{"start":{"line":41,"column":0},"end":{"line":41,"column":71}},"41":{"start":{"line":42,"column":0},"end":{"line":42,"column":26}},"43":{"start":{"line":44,"column":0},"end":{"line":44,"column":34}},"44":{"start":{"line":45,"column":0},"end":{"line":45,"column":25}},"45":{"start":{"line":46,"column":0},"end":{"line":46,"column":61}},"46":{"start":{"line":47,"column":0},"end":{"line":47,"column":31}},"47":{"start":{"line":48,"column":0},"end":{"line":48,"column":28}},"49":{"start":{"line":50,"column":0},"end":{"line":50,"column":30}},"50":{"start":{"line":51,"column":0},"end":{"line":51,"column":60}},"51":{"start":{"line":52,"column":0},"end":{"line":52,"column":46}},"52":{"start":{"line":53,"column":0},"end":{"line":53,"column":46}},"53":{"start":{"line":54,"column":0},"end":{"line":54,"column":58}},"54":{"start":{"line":55,"column":0},"end":{"line":55,"column":77}},"55":{"start":{"line":56,"column":0},"end":{"line":56,"column":34}},"56":{"start":{"line":57,"column":0},"end":{"line":57,"column":48}},"57":{"start":{"line":58,"column":0},"end":{"line":58,"column":20}},"58":{"start":{"line":59,"column":0},"end":{"line":59,"column":46}},"59":{"start":{"line":60,"column":0},"end":{"line":60,"column":28}},"60":{"start":{"line":61,"column":0},"end":{"line":61,"column":13}},"61":{"start":{"line":62,"column":0},"end":{"line":62,"column":18}},"62":{"start":{"line":63,"column":0},"end":{"line":63,"column":46}},"63":{"start":{"line":64,"column":0},"end":{"line":64,"column":63}},"64":{"start":{"line":65,"column":0},"end":{"line":65,"column":13}},"65":{"start":{"line":66,"column":0},"end":{"line":66,"column":11}},"66":{"start":{"line":67,"column":0},"end":{"line":67,"column":24}},"67":{"start":{"line":68,"column":0},"end":{"line":68,"column":35}},"68":{"start":{"line":69,"column":0},"end":{"line":69,"column":58}},"69":{"start":{"line":70,"column":0},"end":{"line":70,"column":39}},"70":{"start":{"line":71,"column":0},"end":{"line":71,"column":54}},"71":{"start":{"line":72,"column":0},"end":{"line":72,"column":73}},"72":{"start":{"line":73,"column":0},"end":{"line":73,"column":30}},"73":{"start":{"line":74,"column":0},"end":{"line":74,"column":44}},"74":{"start":{"line":75,"column":0},"end":{"line":75,"column":16}},"75":{"start":{"line":76,"column":0},"end":{"line":76,"column":42}},"76":{"start":{"line":77,"column":0},"end":{"line":77,"column":25}},"77":{"start":{"line":78,"column":0},"end":{"line":78,"column":16}},"80":{"start":{"line":81,"column":0},"end":{"line":81,"column":18}},"81":{"start":{"line":82,"column":0},"end":{"line":82,"column":60}},"82":{"start":{"line":83,"column":0},"end":{"line":83,"column":9}},"83":{"start":{"line":84,"column":0},"end":{"line":84,"column":7}},"84":{"start":{"line":85,"column":0},"end":{"line":85,"column":5}},"86":{"start":{"line":87,"column":0},"end":{"line":87,"column":14}},"87":{"start":{"line":88,"column":0},"end":{"line":88,"column":3}},"89":{"start":{"line":90,"column":0},"end":{"line":90,"column":34}},"90":{"start":{"line":91,"column":0},"end":{"line":91,"column":1}},"92":{"start":{"line":93,"column":0},"end":{"line":93,"column":31}},"93":{"start":{"line":94,"column":0},"end":{"line":94,"column":21}},"94":{"start":{"line":95,"column":0},"end":{"line":95,"column":22}},"95":{"start":{"line":96,"column":0},"end":{"line":96,"column":23}},"96":{"start":{"line":97,"column":0},"end":{"line":97,"column":35}},"97":{"start":{"line":98,"column":0},"end":{"line":98,"column":20}},"98":{"start":{"line":99,"column":0},"end":{"line":99,"column":24}},"99":{"start":{"line":100,"column":0},"end":{"line":100,"column":47}},"100":{"start":{"line":101,"column":0},"end":{"line":101,"column":71}},"101":{"start":{"line":102,"column":0},"end":{"line":102,"column":1}}},"s":{"0":1,"12":1,"13":70,"14":70,"15":70,"16":70,"17":70,"18":70,"19":70,"20":70,"22":70,"23":469,"24":469,"25":469,"26":469,"27":469,"30":469,"32":469,"33":1142,"34":925,"35":925,"36":925,"37":1142,"38":217,"39":217,"40":217,"41":217,"43":217,"44":3,"45":217,"46":29,"47":29,"49":29,"50":7,"51":7,"52":14,"53":14,"54":14,"55":14,"56":14,"57":0,"58":14,"59":14,"60":14,"61":29,"62":22,"63":200,"64":200,"65":22,"66":29,"67":214,"68":3,"69":3,"70":3,"71":3,"72":3,"73":3,"74":0,"75":3,"76":3,"77":185,"80":182,"81":182,"82":182,"83":217,"84":1142,"86":469,"87":469,"89":70,"90":70,"92":1,"93":1,"94":1,"95":1,"96":1,"97":1,"98":1,"99":1,"100":1,"101":1},"branchMap":{"0":{"type":"branch","line":13,"loc":{"start":{"line":13,"column":7},"end":{"line":91,"column":1}},"locations":[{"start":{"line":13,"column":7},"end":{"line":91,"column":1}}]},"1":{"type":"branch","line":21,"loc":{"start":{"line":21,"column":2},"end":{"line":21,"column":50}},"locations":[{"start":{"line":21,"column":2},"end":{"line":21,"column":50}}]},"2":{"type":"branch","line":23,"loc":{"start":{"line":23,"column":2},"end":{"line":88,"column":3}},"locations":[{"start":{"line":23,"column":2},"end":{"line":88,"column":3}}]},"3":{"type":"branch","line":33,"loc":{"start":{"line":33,"column":34},"end":{"line":85,"column":5}},"locations":[{"start":{"line":33,"column":34},"end":{"line":85,"column":5}}]},"4":{"type":"branch","line":34,"loc":{"start":{"line":34,"column":36},"end":{"line":38,"column":17}},"locations":[{"start":{"line":34,"column":36},"end":{"line":38,"column":17}}]},"5":{"type":"branch","line":36,"loc":{"start":{"line":36,"column":20},"end":{"line":36,"column":33}},"locations":[{"start":{"line":36,"column":20},"end":{"line":36,"column":33}}]},"6":{"type":"branch","line":36,"loc":{"start":{"line":36,"column":41},"end":{"line":36,"column":48}},"locations":[{"start":{"line":36,"column":41},"end":{"line":36,"column":48}}]},"7":{"type":"branch","line":36,"loc":{"start":{"line":36,"column":52},"end":{"line":36,"column":67}},"locations":[{"start":{"line":36,"column":52},"end":{"line":36,"column":67}}]},"8":{"type":"branch","line":38,"loc":{"start":{"line":38,"column":6},"end":{"line":84,"column":7}},"locations":[{"start":{"line":38,"column":6},"end":{"line":84,"column":7}}]},"9":{"type":"branch","line":41,"loc":{"start":{"line":41,"column":20},"end":{"line":41,"column":33}},"locations":[{"start":{"line":41,"column":20},"end":{"line":41,"column":33}}]},"10":{"type":"branch","line":41,"loc":{"start":{"line":41,"column":41},"end":{"line":41,"column":48}},"locations":[{"start":{"line":41,"column":41},"end":{"line":41,"column":48}}]},"11":{"type":"branch","line":41,"loc":{"start":{"line":41,"column":56},"end":{"line":41,"column":71}},"locations":[{"start":{"line":41,"column":56},"end":{"line":41,"column":71}}]},"12":{"type":"branch","line":44,"loc":{"start":{"line":44,"column":33},"end":{"line":46,"column":19}},"locations":[{"start":{"line":44,"column":33},"end":{"line":46,"column":19}}]},"13":{"type":"branch","line":46,"loc":{"start":{"line":46,"column":8},"end":{"line":83,"column":9}},"locations":[{"start":{"line":46,"column":8},"end":{"line":83,"column":9}}]},"14":{"type":"branch","line":46,"loc":{"start":{"line":46,"column":25},"end":{"line":46,"column":60}},"locations":[{"start":{"line":46,"column":25},"end":{"line":46,"column":60}}]},"15":{"type":"branch","line":46,"loc":{"start":{"line":46,"column":60},"end":{"line":68,"column":19}},"locations":[{"start":{"line":46,"column":60},"end":{"line":68,"column":19}}]},"16":{"type":"branch","line":50,"loc":{"start":{"line":50,"column":29},"end":{"line":62,"column":17}},"locations":[{"start":{"line":50,"column":29},"end":{"line":62,"column":17}}]},"17":{"type":"branch","line":52,"loc":{"start":{"line":52,"column":45},"end":{"line":61,"column":13}},"locations":[{"start":{"line":52,"column":45},"end":{"line":61,"column":13}}]},"18":{"type":"branch","line":57,"loc":{"start":{"line":57,"column":47},"end":{"line":58,"column":20}},"locations":[{"start":{"line":57,"column":47},"end":{"line":58,"column":20}}]},"19":{"type":"branch","line":62,"loc":{"start":{"line":62,"column":10},"end":{"line":66,"column":11}},"locations":[{"start":{"line":62,"column":10},"end":{"line":66,"column":11}}]},"20":{"type":"branch","line":63,"loc":{"start":{"line":63,"column":45},"end":{"line":65,"column":13}},"locations":[{"start":{"line":63,"column":45},"end":{"line":65,"column":13}}]},"21":{"type":"branch","line":68,"loc":{"start":{"line":68,"column":8},"end":{"line":83,"column":9}},"locations":[{"start":{"line":68,"column":8},"end":{"line":83,"column":9}}]},"22":{"type":"branch","line":68,"loc":{"start":{"line":68,"column":34},"end":{"line":78,"column":15}},"locations":[{"start":{"line":68,"column":34},"end":{"line":78,"column":15}}]},"23":{"type":"branch","line":74,"loc":{"start":{"line":74,"column":43},"end":{"line":75,"column":16}},"locations":[{"start":{"line":74,"column":43},"end":{"line":75,"column":16}}]},"24":{"type":"branch","line":78,"loc":{"start":{"line":78,"column":8},"end":{"line":83,"column":9}},"locations":[{"start":{"line":78,"column":8},"end":{"line":83,"column":9}}]},"25":{"type":"branch","line":93,"loc":{"start":{"line":93,"column":7},"end":{"line":102,"column":1}},"locations":[{"start":{"line":93,"column":7},"end":{"line":102,"column":1}}]}},"b":{"0":[70],"1":[1156],"2":[469],"3":[1142],"4":[925],"5":[15],"6":[13],"7":[912],"8":[217],"9":[5],"10":[1],"11":[216],"12":[3],"13":[214],"14":[29],"15":[29],"16":[7],"17":[14],"18":[0],"19":[22],"20":[200],"21":[185],"22":[3],"23":[0],"24":[182],"25":[1]},"fnMap":{"0":{"name":"rebuildResponse","decl":{"start":{"line":13,"column":7},"end":{"line":91,"column":1}},"loc":{"start":{"line":13,"column":7},"end":{"line":91,"column":1}},"line":13},"1":{"name":"read","decl":{"start":{"line":21,"column":2},"end":{"line":21,"column":50}},"loc":{"start":{"line":21,"column":2},"end":{"line":21,"column":50}},"line":21},"2":{"name":"build","decl":{"start":{"line":23,"column":2},"end":{"line":88,"column":3}},"loc":{"start":{"line":23,"column":2},"end":{"line":88,"column":3}},"line":23},"3":{"name":"decodeResponse","decl":{"start":{"line":93,"column":7},"end":{"line":102,"column":1}},"loc":{"start":{"line":93,"column":7},"end":{"line":102,"column":1}},"line":93}},"f":{"0":70,"1":1156,"2":469,"3":1}}
,"/Users/ludwigschubert/apollo-binary-transfer/src/shared/response-encoder.ts": {"path":"/Users/ludwigschubert/apollo-binary-transfer/src/shared/response-encoder.ts","all":false,"statementMap":{"0":{"start":{"line":1,"column":0},"end":{"line":1,"column":58}},"4":{"start":{"line":5,"column":0},"end":{"line":5,"column":31}},"6":{"start":{"line":7,"column":0},"end":{"line":7,"column":32}},"7":{"start":{"line":8,"column":0},"end":{"line":8,"column":28}},"8":{"start":{"line":9,"column":0},"end":{"line":9,"column":22}},"9":{"start":{"line":10,"column":0},"end":{"line":10,"column":23}},"10":{"start":{"line":11,"column":0},"end":{"line":11,"column":34}},"11":{"start":{"line":12,"column":0},"end":{"line":12,"column":10}},"12":{"start":{"line":13,"column":0},"end":{"line":13,"column":26}},"14":{"start":{"line":15,"column":0},"end":{"line":15,"column":16}},"15":{"start":{"line":16,"column":0},"end":{"line":16,"column":13}},"16":{"start":{"line":17,"column":0},"end":{"line":17,"column":29}},"17":{"start":{"line":18,"column":0},"end":{"line":18,"column":20}},"18":{"start":{"line":19,"column":0},"end":{"line":19,"column":11}},"19":{"start":{"line":20,"column":0},"end":{"line":20,"column":41}},"21":{"start":{"line":22,"column":0},"end":{"line":22,"column":35}},"22":{"start":{"line":23,"column":0},"end":{"line":23,"column":37}},"24":{"start":{"line":25,"column":0},"end":{"line":25,"column":39}},"25":{"start":{"line":26,"column":0},"end":{"line":26,"column":46}},"26":{"start":{"line":27,"column":0},"end":{"line":27,"column":39}},"27":{"start":{"line":28,"column":0},"end":{"line":28,"column":36}},"28":{"start":{"line":29,"column":0},"end":{"line":29,"column":43}},"29":{"start":{"line":30,"column":0},"end":{"line":30,"column":37}},"31":{"start":{"line":32,"column":0},"end":{"line":32,"column":48}},"32":{"start":{"line":33,"column":0},"end":{"line":33,"column":34}},"33":{"start":{"line":34,"column":0},"end":{"line":34,"column":56}},"34":{"start":{"line":35,"column":0},"end":{"line":35,"column":33}},"36":{"start":{"line":37,"column":0},"end":{"line":37,"column":30}},"37":{"start":{"line":38,"column":0},"end":{"line":38,"column":60}},"38":{"start":{"line":39,"column":0},"end":{"line":39,"column":37}},"39":{"start":{"line":40,"column":0},"end":{"line":40,"column":50}},"40":{"start":{"line":41,"column":0},"end":{"line":41,"column":64}},"41":{"start":{"line":42,"column":0},"end":{"line":42,"column":34}},"42":{"start":{"line":43,"column":0},"end":{"line":43,"column":77}},"43":{"start":{"line":44,"column":0},"end":{"line":44,"column":60}},"44":{"start":{"line":45,"column":0},"end":{"line":45,"column":13}},"45":{"start":{"line":46,"column":0},"end":{"line":46,"column":18}},"46":{"start":{"line":47,"column":0},"end":{"line":47,"column":37}},"47":{"start":{"line":48,"column":0},"end":{"line":48,"column":58}},"48":{"start":{"line":49,"column":0},"end":{"line":49,"column":13}},"49":{"start":{"line":50,"column":0},"end":{"line":50,"column":11}},"50":{"start":{"line":51,"column":0},"end":{"line":51,"column":35}},"52":{"start":{"line":53,"column":0},"end":{"line":53,"column":58}},"53":{"start":{"line":54,"column":0},"end":{"line":54,"column":45}},"54":{"start":{"line":55,"column":0},"end":{"line":55,"column":60}},"55":{"start":{"line":56,"column":0},"end":{"line":56,"column":30}},"56":{"start":{"line":57,"column":0},"end":{"line":57,"column":73}},"57":{"start":{"line":58,"column":0},"end":{"line":58,"column":55}},"58":{"start":{"line":59,"column":0},"end":{"line":59,"column":16}},"60":{"start":{"line":61,"column":0},"end":{"line":61,"column":53}},"61":{"start":{"line":62,"column":0},"end":{"line":62,"column":9}},"62":{"start":{"line":63,"column":0},"end":{"line":63,"column":7}},"63":{"start":{"line":64,"column":0},"end":{"line":64,"column":5}},"64":{"start":{"line":65,"column":0},"end":{"line":65,"column":3}},"66":{"start":{"line":67,"column":0},"end":{"line":67,"column":32}},"67":{"start":{"line":68,"column":0},"end":{"line":68,"column":15}},"68":{"start":{"line":69,"column":0},"end":{"line":69,"column":1}},"70":{"start":{"line":71,"column":0},"end":{"line":71,"column":31}},"71":{"start":{"line":72,"column":0},"end":{"line":72,"column":28}},"72":{"start":{"line":73,"column":0},"end":{"line":73,"column":22}},"73":{"start":{"line":74,"column":0},"end":{"line":74,"column":23}},"74":{"start":{"line":75,"column":0},"end":{"line":75,"column":34}},"75":{"start":{"line":76,"column":0},"end":{"line":76,"column":15}},"76":{"start":{"line":77,"column":0},"end":{"line":77,"column":75}},"77":{"start":{"line":78,"column":0},"end":{"line":78,"column":1}}},"s":{"0":1,"4":1,"6":1,"7":87,"8":87,"9":87,"10":87,"11":87,"12":87,"14":87,"15":507,"16":507,"17":507,"18":507,"19":507,"21":507,"22":1219,"24":981,"25":981,"26":1219,"27":238,"28":238,"29":238,"31":238,"32":4,"33":238,"34":33,"36":33,"37":8,"38":8,"39":16,"40":16,"41":16,"42":16,"43":16,"44":16,"45":33,"46":25,"47":203,"48":203,"49":25,"50":234,"52":3,"53":3,"54":3,"55":3,"56":3,"57":3,"58":201,"60":198,"61":198,"62":238,"63":1219,"64":507,"66":87,"67":87,"68":87,"70":1,"71":47,"72":47,"73":47,"74":47,"75":47,"76":47,"77":47},"branchMap":{"0":{"type":"branch","line":7,"loc":{"start":{"line":7,"column":7},"end":{"line":69,"column":1}},"locations":[{"start":{"line":7,"column":7},"end":{"line":69,"column":1}}]},"1":{"type":"branch","line":15,"loc":{"start":{"line":15,"column":2},"end":{"line":65,"column":3}},"locations":[{"start":{"line":15,"column":2},"end":{"line":65,"column":3}}]},"2":{"type":"branch","line":22,"loc":{"start":{"line":22,"column":34},"end":{"line":64,"column":5}},"locations":[{"start":{"line":22,"column":34},"end":{"line":64,"column":5}}]},"3":{"type":"branch","line":23,"loc":{"start":{"line":23,"column":36},"end":{"line":27,"column":17}},"locations":[{"start":{"line":23,"column":36},"end":{"line":27,"column":17}}]},"4":{"type":"branch","line":26,"loc":{"start":{"line":26,"column":36},"end":{"line":26,"column":45}},"locations":[{"start":{"line":26,"column":36},"end":{"line":26,"column":45}}]},"5":{"type":"branch","line":27,"loc":{"start":{"line":27,"column":6},"end":{"line":63,"column":7}},"locations":[{"start":{"line":27,"column":6},"end":{"line":63,"column":7}}]},"6":{"type":"branch","line":32,"loc":{"start":{"line":32,"column":20},"end":{"line":32,"column":47}},"locations":[{"start":{"line":32,"column":20},"end":{"line":32,"column":47}}]},"7":{"type":"branch","line":32,"loc":{"start":{"line":32,"column":47},"end":{"line":34,"column":19}},"locations":[{"start":{"line":32,"column":47},"end":{"line":34,"column":19}}]},"8":{"type":"branch","line":34,"loc":{"start":{"line":34,"column":8},"end":{"line":62,"column":9}},"locations":[{"start":{"line":34,"column":8},"end":{"line":62,"column":9}}]},"9":{"type":"branch","line":34,"loc":{"start":{"line":34,"column":25},"end":{"line":34,"column":55}},"locations":[{"start":{"line":34,"column":25},"end":{"line":34,"column":55}}]},"10":{"type":"branch","line":34,"loc":{"start":{"line":34,"column":55},"end":{"line":51,"column":19}},"locations":[{"start":{"line":34,"column":55},"end":{"line":51,"column":19}}]},"11":{"type":"branch","line":37,"loc":{"start":{"line":37,"column":29},"end":{"line":46,"column":17}},"locations":[{"start":{"line":37,"column":29},"end":{"line":46,"column":17}}]},"12":{"type":"branch","line":39,"loc":{"start":{"line":39,"column":36},"end":{"line":45,"column":13}},"locations":[{"start":{"line":39,"column":36},"end":{"line":45,"column":13}}]},"13":{"type":"branch","line":46,"loc":{"start":{"line":46,"column":10},"end":{"line":50,"column":11}},"locations":[{"start":{"line":46,"column":10},"end":{"line":50,"column":11}}]},"14":{"type":"branch","line":47,"loc":{"start":{"line":47,"column":36},"end":{"line":49,"column":13}},"locations":[{"start":{"line":47,"column":36},"end":{"line":49,"column":13}}]},"15":{"type":"branch","line":51,"loc":{"start":{"line":51,"column":8},"end":{"line":62,"column":9}},"locations":[{"start":{"line":51,"column":8},"end":{"line":62,"column":9}}]},"16":{"type":"branch","line":51,"loc":{"start":{"line":51,"column":34},"end":{"line":59,"column":15}},"locations":[{"start":{"line":51,"column":34},"end":{"line":59,"column":15}}]},"17":{"type":"branch","line":59,"loc":{"start":{"line":59,"column":8},"end":{"line":62,"column":9}},"locations":[{"start":{"line":59,"column":8},"end":{"line":62,"column":9}}]},"18":{"type":"branch","line":71,"loc":{"start":{"line":71,"column":7},"end":{"line":78,"column":1}},"locations":[{"start":{"line":71,"column":7},"end":{"line":78,"column":1}}]}},"b":{"0":[87],"1":[507],"2":[1219],"3":[981],"4":[10],"5":[238],"6":[235],"7":[4],"8":[234],"9":[33],"10":[33],"11":[8],"12":[16],"13":[25],"14":[203],"15":[201],"16":[3],"17":[198],"18":[47]},"fnMap":{"0":{"name":"flattenResponse","decl":{"start":{"line":7,"column":7},"end":{"line":69,"column":1}},"loc":{"start":{"line":7,"column":7},"end":{"line":69,"column":1}},"line":7},"1":{"name":"walk","decl":{"start":{"line":15,"column":2},"end":{"line":65,"column":3}},"loc":{"start":{"line":15,"column":2},"end":{"line":65,"column":3}},"line":15},"2":{"name":"encodeResponse","decl":{"start":{"line":71,"column":7},"end":{"line":78,"column":1}},"loc":{"start":{"line":71,"column":7},"end":{"line":78,"column":1}},"line":71}},"f":{"0":87,"1":507,"2":47}}
,"/Users/ludwigschubert/apollo-binary-transfer/src/shared/schema-hash.ts": {"path":"/Users/ludwigschubert/apollo-binary-transfer/src/shared/schema-hash.ts","all":false,"statementMap":{"0":{"start":{"line":1,"column":0},"end":{"line":1,"column":40}},"4":{"start":{"line":5,"column":0},"end":{"line":5,"column":66}},"5":{"start":{"line":6,"column":0},"end":{"line":6,"column":48}},"6":{"start":{"line":7,"column":0},"end":{"line":7,"column":33}},"7":{"start":{"line":8,"column":0},"end":{"line":8,"column":77}},"8":{"start":{"line":9,"column":0},"end":{"line":9,"column":1}}},"s":{"0":1,"4":1,"5":50,"6":50,"7":50,"8":50},"branchMap":{"0":{"type":"branch","line":5,"loc":{"start":{"line":5,"column":7},"end":{"line":9,"column":1}},"locations":[{"start":{"line":5,"column":7},"end":{"line":9,"column":1}}]}},"b":{"0":[50]},"fnMap":{"0":{"name":"computeSchemaHash","decl":{"start":{"line":5,"column":7},"end":{"line":9,"column":1}},"loc":{"start":{"line":5,"column":7},"end":{"line":9,"column":1}},"line":5}},"f":{"0":50}}
[...]
umn":1}},"locations":[{"start":{"line":124,"column":0},"end":{"line":147,"column":1}}]},"15":{"type":"branch","line":131,"loc":{"start":{"line":131,"column":12},"end":{"line":131,"column":26}},"locations":[{"start":{"line":131,"column":12},"end":{"line":131,"column":26}}]},"16":{"type":"branch","line":131,"loc":{"start":{"line":131,"column":26},"end":{"line":140,"column":3}},"locations":[{"start":{"line":131,"column":26},"end":{"line":140,"column":3}}]},"17":{"type":"branch","line":145,"loc":{"start":{"line":145,"column":29},"end":{"line":145,"column":40}},"locations":[{"start":{"line":145,"column":29},"end":{"line":145,"column":40}}]},"18":{"type":"branch","line":145,"loc":{"start":{"line":145,"column":33},"end":{"line":145,"column":49}},"locations":[{"start":{"line":145,"column":33},"end":{"line":145,"column":49}}]},"19":{"type":"branch","line":150,"loc":{"start":{"line":150,"column":0},"end":{"line":167,"column":1}},"locations":[{"start":{"line":150,"column":0},"end":{"line":167,"column":1}}]},"20":{"type":"branch","line":151,"loc":{"start":{"line":151,"column":29},"end":{"line":157,"column":33}},"locations":[{"start":{"line":151,"column":29},"end":{"line":157,"column":33}}]},"21":{"type":"branch","line":151,"loc":{"start":{"line":151,"column":29},"end":{"line":156,"column":3}},"locations":[{"start":{"line":151,"column":29},"end":{"line":156,"column":3}}]},"22":{"type":"branch","line":156,"loc":{"start":{"line":156,"column":2},"end":{"line":157,"column":33}},"locations":[{"start":{"line":156,"column":2},"end":{"line":157,"column":33}}]},"23":{"type":"branch","line":157,"loc":{"start":{"line":157,"column":28},"end":{"line":157,"column":56}},"locations":[{"start":{"line":157,"column":28},"end":{"line":157,"column":56}}]},"24":{"type":"branch","line":157,"loc":{"start":{"line":157,"column":56},"end":{"line":162,"column":3}},"locations":[{"start":{"line":157,"column":56},"end":{"line":162,"column":3}}]},"25":{"type":"branch","line":162,"loc":{"start":{"line":162,"column":2},"end":{"line":167,"column":1}},"locations":[{"start":{"line":162,"column":2},"end":{"line":167,"column":1}}]}},"b":{"0":[76],"1":[4],"2":[72],"3":[74],"4":[4],"5":[72],"6":[174],"7":[348],"8":[259],"9":[89],"10":[9],"11":[9],"12":[18],"13":[80],"14":[348],"15":[74],"16":[74],"17":[74],"18":[274],"19":[132],"20":[128],"21":[52],"22":[80],"23":[6],"24":[6],"25":[74]},"fnMap":{"0":{"name":"decodeSelection","decl":{"start":{"line":14,"column":7},"end":{"line":46,"column":1}},"loc":{"start":{"line":14,"column":7},"end":{"line":46,"column":1}},"line":14},"1":{"name":"decodeSelectionSet","decl":{"start":{"line":48,"column":0},"end":{"line":122,"column":1}},"loc":{"start":{"line":48,"column":0},"end":{"line":122,"column":1}},"line":48},"2":{"name":"makeFieldNode","decl":{"start":{"line":124,"column":0},"end":{"line":147,"column":1}},"loc":{"start":{"line":124,"column":0},"end":{"line":147,"column":1}},"line":124},"3":{"name":"parseTypeNode","decl":{"start":{"line":150,"column":0},"end":{"line":167,"column":1}},"loc":{"start":{"line":150,"column":0},"end":{"line":167,"column":1}},"line":150}},"f":{"0":76,"1":174,"2":348,"3":132}}
,"/Users/ludwigschubert/apollo-binary-transfer/src/shared/selection-encoder.ts": {"path":"/Users/ludwigschubert/apollo-binary-transfer/src/shared/selection-encoder.ts","all":false,"statementMap":{"0":{"start":{"line":1,"column":0},"end":{"line":1,"column":94}},"10":{"start":{"line":11,"column":0},"end":{"line":11,"column":32}},"11":{"start":{"line":12,"column":0},"end":{"line":12,"column":25}},"12":{"start":{"line":13,"column":0},"end":{"line":13,"column":34}},"13":{"start":{"line":14,"column":0},"end":{"line":14,"column":50}},"14":{"start":{"line":15,"column":0},"end":{"line":15,"column":61}},"16":{"start":{"line":17,"column":0},"end":{"line":17,"column":43}},"17":{"start":{"line":18,"column":0},"end":{"line":18,"column":48}},"18":{"start":{"line":19,"column":0},"end":{"line":19,"column":40}},"19":{"start":{"line":20,"column":0},"end":{"line":20,"column":5}},"20":{"start":{"line":21,"column":0},"end":{"line":21,"column":3}},"22":{"start":{"line":23,"column":0},"end":{"line":23,"column":46}},"23":{"start":{"line":24,"column":0},"end":{"line":24,"column":45}},"24":{"start":{"line":25,"column":0},"end":{"line":25,"column":3}},"25":{"start":{"line":26,"column":0},"end":{"line":26,"column":67}},"26":{"start":{"line":27,"column":0},"end":{"line":27,"column":52}},"27":{"start":{"line":28,"column":0},"end":{"line":28,"column":3}},"29":{"start":{"line":30,"column":0},"end":{"line":30,"column":84}},"30":{"start":{"line":31,"column":0},"end":{"line":31,"column":42}},"31":{"start":{"line":32,"column":0},"end":{"line":32,"column":30}},"32":{"start":{"line":33,"column":0},"end":{"line":33,"column":26}},"34":{"start":{"line":35,"column":0},"end":{"line":35,"column":34}},"35":{"start":{"line":36,"column":0},"end":{"line":36,"column":38}},"36":{"start":{"line":37,"column":0},"end":{"line":37,"column":17}},"37":{"start":{"line":38,"column":0},"end":{"line":38,"column":13}},"38":{"start":{"line":39,"column":0},"end":{"line":39,"column":13}},"39":{"start":{"line":40,"column":0},"end":{"line":40,"column":3}},"41":{"start":{"line":42,"column":0},"end":{"line":42,"column":32}},"42":{"start":{"line":43,"column":0},"end":{"line":43,"column":1}},"44":{"start":{"line":45,"column":0},"end":{"line":45,"column":28}},"45":{"start":{"line":46,"column":0},"end":{"line":46,"column":29}},"46":{"start":{"line":47,"column":0},"end":{"line":47,"column":25}},"47":{"start":{"line":48,"column":0},"end":{"line":48,"column":35}},"48":{"start":{"line":49,"column":0},"end":{"line":49,"column":48}},"49":{"start":{"line":50,"column":0},"end":{"line":50,"column":18}},"50":{"start":{"line":51,"column":0},"end":{"line":51,"column":51}},"51":{"start":{"line":52,"column":0},"end":{"line":52,"column":69}},"53":{"start":{"line":54,"column":0},"end":{"line":54,"column":46}},"54":{"start":{"line":55,"column":0},"end":{"line":55,"column":64}},"56":{"start":{"line":57,"column":0},"end":{"line":57,"column":34}},"58":{"start":{"line":59,"column":0},"end":{"line":59,"column":33}},"59":{"start":{"line":60,"column":0},"end":{"line":60,"column":23}},"60":{"start":{"line":61,"column":0},"end":{"line":61,"column":24}},"61":{"start":{"line":62,"column":0},"end":{"line":62,"column":38}},"62":{"start":{"line":63,"column":0},"end":{"line":63,"column":37}},"63":{"start":{"line":64,"column":0},"end":{"line":64,"column":43}},"65":{"start":{"line":66,"column":0},"end":{"line":66,"column":40}},"66":{"start":{"line":67,"column":0},"end":{"line":67,"column":93}},"68":{"start":{"line":69,"column":0},"end":{"line":69,"column":47}},"70":{"start":{"line":71,"column":0},"end":{"line":71,"column":59}},"71":{"start":{"line":72,"column":0},"end":{"line":72,"column":26}},"72":{"start":{"line":73,"column":0},"end":{"line":73,"column":38}},"73":{"start":{"line":74,"column":0},"end":{"line":74,"column":66}},"74":{"start":{"line":75,"column":0},"end":{"line":75,"column":61}},"76":{"start":{"line":77,"column":0},"end":{"line":77,"column":63}},"77":{"start":{"line":78,"column":0},"end":{"line":78,"column":79}},"78":{"start":{"line":79,"column":0},"end":{"line":79,"column":62}},"79":{"start":{"line":80,"column":0},"end":{"line":80,"column":60}},"80":{"start":{"line":81,"column":0},"end":{"line":81,"column":86}},"82":{"start":{"line":83,"column":0},"end":{"line":83,"column":59}},"83":{"start":{"line":84,"column":0},"end":{"line":84,"column":47}},"84":{"start":{"line":85,"column":0},"end":{"line":85,"column":25}},"85":{"start":{"line":86,"column":0},"end":{"line":86,"column":25}},"86":{"start":{"line":87,"column":0},"end":{"line":87,"column":25}},"87":{"start":{"line":88,"column":0},"end":{"line":88,"column":15}},"88":{"start":{"line":89,"column":0},"end":{"line":89,"column":13}},"89":{"start":{"line":90,"column":0},"end":{"line":90,"column":55}},"90":{"start":{"line":91,"column":0},"end":{"line":91,"column":59}},"91":{"start":{"line":92,"column":0},"end":{"line":92,"column":40}},"92":{"start":{"line":93,"column":0},"end":{"line":93,"column":62}},"93":{"start":{"line":94,"column":0},"end":{"line":94,"column":62}},"94":{"start":{"line":95,"column":0},"end":{"line":95,"column":37}},"95":{"start":{"line":96,"column":0},"end":{"line":96,"column":63}},"96":{"start":{"line":97,"column":0},"end":{"line":97,"column":49}},"97":{"start":{"line":98,"column":0},"end":{"line":98,"column":29}},"98":{"start":{"line":99,"column":0},"end":{"line":99,"column":29}},"99":{"start":{"line":100,"column":0},"end":{"line":100,"column":29}},"100":{"start":{"line":101,"column":0},"end":{"line":101,"column":19}},"101":{"start":{"line":102,"column":0},"end":{"line":102,"column":17}},"102":{"start":{"line":103,"column":0},"end":{"line":103,"column":15}},"103":{"start":{"line":104,"column":0},"end":{"line":104,"column":13}},"104":{"start":{"line":105,"column":0},"end":{"line":105,"column":11}},"106":{"start":{"line":107,"column":0},"end":{"line":107,"column":44}},"107":{"start":{"line":108,"column":0},"end":{"line":108,"column":16}},"108":{"start":{"line":109,"column":0},"end":{"line":109,"column":45}},"109":{"start":{"line":110,"column":0},"end":{"line":110,"column":42}},"110":{"start":{"line":111,"column":0},"end":{"line":111,"column":26}},"111":{"start":{"line":112,"column":0},"end":{"line":112,"column":21}},"112":{"start":{"line":113,"column":0},"end":{"line":113,"column":21}},"113":{"start":{"line":114,"column":0},"end":{"line":114,"column":11}},"114":{"start":{"line":115,"column":0},"end":{"line":115,"column":37}},"115":{"start":{"line":116,"column":0},"end":{"line":116,"column":9}},"116":{"start":{"line":117,"column":0},"end":{"line":117,"column":13}},"117":{"start":{"line":118,"column":0},"end":{"line":118,"column":7}},"119":{"start":{"line":120,"column":0},"end":{"line":120,"column":34}},"120":{"start":{"line":121,"column":0},"end":{"line":121,"column":44}},"121":{"start":{"line":122,"column":0},"end":{"line":122,"column":38}},"122":{"start":{"line":123,"column":0},"end":{"line":123,"column":58}},"123":{"start":{"line":124,"column":0},"end":{"line":124,"column":19}},"124":{"start":{"line":125,"column":0},"end":{"line":125,"column":19}},"125":{"start":{"line":126,"column":0},"end":{"line":126,"column":9}},"126":{"start":{"line":127,"column":0},"end":{"line":127,"column":32}},"127":{"start":{"line":128,"column":0},"end":{"line":128,"column":13}},"128":{"start":{"line":129,"column":0},"end":{"line":129,"column":7}},"130":{"start":{"line":131,"column":0},"end":{"line":131,"column":34}},"131":{"start":{"line":132,"column":0},"end":{"line":132,"column":50}},"132":{"start":{"line":133,"column":0},"end":{"line":133,"column":19}},"133":{"start":{"line":134,"column":0},"end":{"line":134,"column":46}},"134":{"start":{"line":135,"column":0},"end":{"line":135,"column":41}},"135":{"start":{"line":136,"column":0},"end":{"line":136,"column":42}},"136":{"start":{"line":137,"column":0},"end":{"line":137,"column":21}},"137":{"start":{"line":138,"column":0},"end":{"line":138,"column":21}},"138":{"start":{"line":139,"column":0},"end":{"line":139,"column":11}},"139":{"start":{"line":140,"column":0},"end":{"line":140,"column":34}},"140":{"start":{"line":141,"column":0},"end":{"line":141,"column":9}},"141":{"start":{"line":142,"column":0},"end":{"line":142,"column":13}},"142":{"start":{"line":143,"column":0},"end":{"line":143,"column":7}},"143":{"start":{"line":144,"column":0},"end":{"line":144,"column":5}},"144":{"start":{"line":145,"column":0},"end":{"line":145,"column":3}},"146":{"start":{"line":147,"column":0},"end":{"line":147,"column":15}},"147":{"start":{"line":148,"column":0},"end":{"line":148,"column":1}}},"s":{"0":1,"10":1,"11":113,"12":113,"13":113,"14":113,"16":113,"17":121,"18":9,"19":9,"20":121,"22":113,"23":113,"24":113,"25":113,"26":1,"27":1,"29":113,"30":113,"31":5,"32":107,"34":113,"35":113,"36":113,"37":113,"38":113,"39":113,"41":113,"42":113,"44":265,"45":265,"46":265,"47":265,"48":265,"49":265,"50":265,"51":265,"53":264,"54":264,"56":264,"58":265,"59":536,"60":536,"61":532,"62":532,"63":532,"65":531,"66":532,"68":530,"70":532,"71":394,"72":532,"73":13,"74":13,"76":13,"77":26,"78":21,"79":21,"80":21,"82":21,"83":21,"84":21,"85":21,"86":21,"87":21,"88":21,"89":26,"90":5,"91":5,"92":5,"93":5,"94":5,"95":5,"96":5,"97":5,"98":5,"99":5,"100":5,"101":5,"102":5,"103":5,"104":26,"106":13,"107":136,"108":123,"109":123,"110":123,"111":123,"112":123,"113":123,"114":123,"115":123,"116":529,"117":529,"119":536,"120":1,"121":1,"122":1,"123":1,"124":1,"125":1,"126":1,"127":1,"128":1,"130":536,"131":3,"132":3,"133":3,"134":3,"135":3,"136":3,"137":3,"138":3,"139":3,"140":3,"141":3,"142":3,"143":536,"144":536,"146":262,"147":262},"branchMap":{"0":{"type":"branch","line":11,"loc":{"start":{"line":11,"column":7},"end":{"line":43,"column":1}},"locations":[{"start":{"line":11,"column":7},"end":{"line":43,"column":1}}]},"1":{"type":"branch","line":17,"loc":{"start":{"line":17,"column":42},"end":{"line":21,"column":3}},"locations":[{"start":{"line":17,"column":42},"end":{"line":21,"column":3}}]},"2":{"type":"branch","line":18,"loc":{"start":{"line":18,"column":47},"end":{"line":20,"column":5}},"locations":[{"start":{"line":18,"column":47},"end":{"line":20,"column":5}}]},"3":{"type":"branch","line":26,"loc":{"start":{"line":26,"column":7},"end":{"line":26,"column":66}},"locations":[{"start":{"line":26,"column":7},"end":{"line":26,"column":66}}]},"4":{"type":"branch","line":26,"loc":{"start":{"line":26,"column":66},"end":{"line":28,"column":3}},"locations":[{"start":{"line":26,"column":66},"end":{"line":28,"column":3}}]},"5":{"type":"branch","line":28,"loc":{"start":{"line":28,"column":2},"end":{"line":30,"column":61}},"locations":[{"start":{"line":28,"column":2},"end":{"line":30,"column":61}}]},"6":{"type":"branch","line":30,"loc":{"start":{"line":30,"column":48},"end":{"line":30,"column":74}},"locations":[{"start":{"line":30,"column":48},"end":{"line":30,"column":74}}]},"7":{"type":"branch","line":30,"loc":{"start":{"line":30,"column":61},"end":{"line":30,"column":84}},"locations":[{"start":{"line":30,"column":61},"end":{"line":30,"column":84}}]},"8":{"type":"branch","line":31,"loc":{"start":{"line":31,"column":41},"end":{"line":32,"column":30}},"locations":[{"start":{"line":31,"column":41},"end":{"line":32,"column":30}}]},"9":{"type":"branch","line":32,"loc":{"start":{"line":32,"column":21},"end":{"line":33,"column":26}},"locations":[{"start":{"line":32,"column":21},"end":{"line":33,"column":26}}]},"10":{"type":"branch","line":24,"loc":{"start":{"line":24,"column":4},"end":{"line":24,"column":45}},"locations":[{"start":{"line":24,"column":4},"end":{"line":24,"column":45}}]},"11":{"type":"branch","line":45,"loc":{"start":{"line":45,"column":0},"end":{"line":148,"column":1}},"locations":[{"start":{"line":45,"column":0},"end":{"line":148,"column":1}}]},"12":{"type":"branch","line":52,"loc":{"start":{"line":52,"column":19},"end":{"line":52,"column":69}},"locations":[{"start":{"line":52,"column":19},"end":{"line":52,"column":69}}]},"13":{"type":"branch","line":52,"loc":{"start":{"line":52,"column":68},"end":{"line":59,"column":32}},"locations":[{"start":{"line":52,"column":68},"end":{"line":59,"column":32}}]},"14":{"type":"branch","line":59,"loc":{"start":{"line":59,"column":32},"end":{"line":145,"column":3}},"locations":[{"start":{"line":59,"column":32},"end":{"line":145,"column":3}}]},"15":{"type":"branch","line":61,"loc":{"start":{"line":61,"column":6},"end":{"line":118,"column":7}},"locations":[{"start":{"line":61,"column":6},"end":{"line":118,"column":7}}]},"16":{"type":"branch","line":64,"loc":{"start":{"line":64,"column":35},"end":{"line":64,"column":43}},"locations":[{"start":{"line":64,"column":35},"end":{"line":64,"column":43}}]},"17":{"type":"branch","line":64,"loc":{"start":{"line":64,"column":35},"end":{"line":67,"column":37}},"locations":[{"start":{"line":64,"column":35},"end":{"line":67,"column":37}}]},"18":{"type":"branch","line":67,"loc":{"start":{"line":67,"column":31},"end":{"line":67,"column":93}},"locations":[{"start":{"line":67,"column":31},"end":{"line":67,"column":93}}]},"19":{"type":"branch","line":67,"loc":{"start":{"line":67,"column":92},"end":{"line":71,"column":37}},"locations":[{"start":{"line":67,"column":92},"end":{"line":71,"column":37}}]},"20":{"type":"branch","line":71,"loc":{"start":{"line":71,"column":22},"end":{"line":71,"column":58}},"locations":[{"start":{"line":71,"column":22},"end":{"line":71,"column":58}}]},"21":{"type":"branch","line":71,"loc":{"start":{"line":71,"column":58},"end":{"line":73,"column":19}},"locations":[{"start":{"line":71,"column":58},"end":{"line":73,"column":19}}]},"22":{"type":"branch","line":73,"loc":{"start":{"line":73,"column":8},"end":{"line":116,"column":9}},"locations":[{"start":{"line":73,"column":8},"end":{"line":116,"column":9}}]},"23":{"type":"branch","line":73,"loc":{"start":{"line":73,"column":37},"end":{"line":108,"column":15}},"locations":[{"start":{"line":73,"column":37},"end":{"line":108,"column":15}}]},"24":{"type":"branch","line":77,"loc":{"start":{"line":77,"column":62},"end":{"line":105,"column":11}},"locations":[{"start":{"line":77,"column":62},"end":{"line":105,"column":11}}]},"25":{"type":"branch","line":78,"loc":{"start":{"line":78,"column":37},"end":{"line":78,"column":78}},"locations":[{"start":{"line":78,"column":37},"end":{"line":78,"column":78}}]},"26":{"type":"branch","line":78,"loc":{"start":{"line":78,"column":78},"end":{"line":89,"column":13}},"locations":[{"start":{"line":78,"column":78},"end":{"line":89,"column":13}}]},"27":{"type":"branch","line":81,"loc":{"start":{"line":81,"column":34},"end":{"line":81,"column":86}},"locations":[{"start":{"line":81,"column":34},"end":{"line":81,"column":86}}]},"28":{"type":"branch","line":90,"loc":{"start":{"line":90,"column":54},"end":{"line":104,"column":13}},"locations":[{"start":{"line":90,"column":54},"end":{"line":104,"column":13}}]},"29":{"type":"branch","line":108,"loc":{"start":{"line":108,"column":8},"end":{"line":116,"column":9}},"locations":[{"start":{"line":108,"column":8},"end":{"line":116,"column":9}}]},"30":{"type":"branch","line":116,"loc":{"start":{"line":116,"column":8},"end":{"line":118,"column":7}},"locations":[{"start":{"line":116,"column":8},"end":{"line":118,"column":7}}]},"31":{"type":"branch","line":120,"loc":{"start":{"line":120,"column":6},"end":{"line":129,"column":7}},"locations":[{"start":{"line":120,"column":6},"end":{"line":129,"column":7}}]},"32":{"type":"branch","line":123,"loc":{"start":{"line":123,"column":34},"end":{"line":123,"column":58}},"locations":[{"start":{"line":123,"column":34},"end":{"line":123,"column":58}}]},"33":{"type":"branch","line":131,"loc":{"start":{"line":131,"column":6},"end":{"line":143,"column":7}},"locations":[{"start":{"line":131,"column":6},"end":{"line":143,"column":7}}]},"34":{"type":"branch","line":145,"loc":{"start":{"line":145,"column":2},"end":{"line":148,"column":1}},"locations":[{"start":{"line":145,"column":2},"end":{"line":148,"column":1}}]},"35":{"type":"branch","line":55,"loc":{"start":{"line":55,"column":28},"end":{"line":55,"column":63}},"locations":[{"start":{"line":55,"column":28},"end":{"line":55,"column":63}}]}},"b":{"0":[113],"1":[121],"2":[9],"3":[112],"4":[1],"5":[112],"6":[5],"7":[107],"8":[5],"9":[107],"10":[121],"11":[265],"12":[1],"13":[264],"14":[536],"15":[532],"16":[1],"17":[531],"18":[1],"19":[530],"20":[136],"21":[394],"22":[136],"23":[13],"24":[26],"25":[21],"26":[21],"27":[0],"28":[5],"29":[123],"30":[529],"31":[1],"32":[0],"33":[3],"34":[262],"35":[1806]},"fnMap":{"0":{"name":"encodeSelection","decl":{"start":{"line":11,"column":7},"end":{"line":43,"column":1}},"loc":{"start":{"line":11,"column":7},"end":{"line":43,"column":1}},"line":11},"1":{"name":"encodeSelectionSet","decl":{"start":{"line":45,"column":0},"end":{"line":148,"column":1}},"loc":{"start":{"line":45,"column":0},"end":{"line":148,"column":1}},"line":45}},"f":{"0":113,"1":265}}
}
